{"/home/travis/build/npmtest/node-npmtest-lazy.js/test.js":{"path":"/home/travis/build/npmtest/node-npmtest-lazy.js/test.js","s":{"1":2,"2":2,"3":2,"4":2,"5":2,"6":2,"7":2,"8":1,"9":2,"10":2,"11":1,"12":1,"13":1,"14":1,"15":2,"16":2,"17":2,"18":2,"19":1,"20":1,"21":2,"22":2,"23":2,"24":1,"25":1,"26":1,"27":1,"28":1,"29":1,"30":1,"31":1,"32":1,"33":1,"34":1,"35":1,"36":1,"37":1,"38":1,"39":2,"40":2,"41":1,"42":2,"43":2,"44":1,"45":2,"46":2,"47":1,"48":2,"49":2,"50":1,"51":1,"52":1,"53":1,"54":1},"b":{"1":[2,1,1,1],"2":[1,1,1,1],"3":[1,1],"4":[1,1],"5":[1,1],"6":[1,1],"7":[1,1],"8":[1,1],"9":[1,1],"10":[1,1,1],"11":[1,1],"12":[1,1],"13":[1,1],"14":[1,1],"15":[1,1],"16":[1,1],"17":[1,1]},"f":{"1":2,"2":2,"3":2,"4":2,"5":2,"6":1,"7":1,"8":1,"9":2,"10":2,"11":2,"12":2,"13":1},"fnMap":{"1":{"name":"(anonymous_1)","line":12,"loc":{"start":{"line":12,"column":1},"end":{"line":12,"column":13}}},"2":{"name":"(anonymous_2)","line":19,"loc":{"start":{"line":19,"column":5},"end":{"line":19,"column":17}}},"3":{"name":"(anonymous_3)","line":23,"loc":{"start":{"line":23,"column":24},"end":{"line":23,"column":36}}},"4":{"name":"(anonymous_4)","line":61,"loc":{"start":{"line":61,"column":5},"end":{"line":61,"column":17}}},"5":{"name":"(anonymous_5)","line":82,"loc":{"start":{"line":82,"column":5},"end":{"line":82,"column":17}}},"6":{"name":"(anonymous_6)","line":91,"loc":{"start":{"line":91,"column":77},"end":{"line":94,"column":10}}},"7":{"name":"(anonymous_7)","line":112,"loc":{"start":{"line":112,"column":83},"end":{"line":115,"column":10}},"skip":true},"8":{"name":"(anonymous_8)","line":123,"loc":{"start":{"line":123,"column":77},"end":{"line":126,"column":10}},"skip":true},"9":{"name":"(anonymous_9)","line":139,"loc":{"start":{"line":139,"column":12},"end":{"line":139,"column":40}},"skip":true},"10":{"name":"(anonymous_10)","line":147,"loc":{"start":{"line":147,"column":77},"end":{"line":150,"column":10}},"skip":true},"11":{"name":"(anonymous_11)","line":158,"loc":{"start":{"line":158,"column":83},"end":{"line":161,"column":10}},"skip":true},"12":{"name":"(anonymous_12)","line":169,"loc":{"start":{"line":169,"column":79},"end":{"line":172,"column":10}},"skip":true},"13":{"name":"(anonymous_13)","line":180,"loc":{"start":{"line":180,"column":75},"end":{"line":183,"column":10}},"skip":true}},"statementMap":{"1":{"start":{"line":12,"column":0},"end":{"line":195,"column":5}},"2":{"start":{"line":14,"column":4},"end":{"line":14,"column":14}},"3":{"start":{"line":19,"column":4},"end":{"line":56,"column":9}},"4":{"start":{"line":21,"column":8},"end":{"line":21,"column":19}},"5":{"start":{"line":23,"column":8},"end":{"line":35,"column":13}},"6":{"start":{"line":24,"column":12},"end":{"line":34,"column":13}},"7":{"start":{"line":25,"column":16},"end":{"line":28,"column":30}},"8":{"start":{"line":30,"column":16},"end":{"line":33,"column":27}},"9":{"start":{"line":37,"column":8},"end":{"line":39,"column":21}},"10":{"start":{"line":40,"column":8},"end":{"line":53,"column":9}},"11":{"start":{"line":43,"column":12},"end":{"line":46,"column":14}},"12":{"start":{"line":47,"column":12},"end":{"line":47,"column":18}},"13":{"start":{"line":50,"column":12},"end":{"line":51,"column":46}},"14":{"start":{"line":52,"column":12},"end":{"line":52,"column":18}},"15":{"start":{"line":55,"column":8},"end":{"line":55,"column":35}},"16":{"start":{"line":61,"column":4},"end":{"line":63,"column":9}},"17":{"start":{"line":62,"column":8},"end":{"line":62,"column":15}},"18":{"start":{"line":64,"column":4},"end":{"line":77,"column":5}},"19":{"start":{"line":70,"column":8},"end":{"line":70,"column":14}},"20":{"start":{"line":76,"column":8},"end":{"line":76,"column":14}},"21":{"start":{"line":82,"column":4},"end":{"line":84,"column":9}},"22":{"start":{"line":83,"column":8},"end":{"line":83,"column":15}},"23":{"start":{"line":85,"column":4},"end":{"line":194,"column":5}},"24":{"start":{"line":91,"column":8},"end":{"line":99,"column":10}},"25":{"start":{"line":98,"column":12},"end":{"line":98,"column":35}},"26":{"start":{"line":102,"column":8},"end":{"line":104,"column":63}},"27":{"start":{"line":105,"column":8},"end":{"line":105,"column":14}},"28":{"start":{"line":112,"column":8},"end":{"line":121,"column":10},"skip":true},"29":{"start":{"line":119,"column":12},"end":{"line":119,"column":55},"skip":true},"30":{"start":{"line":120,"column":12},"end":{"line":120,"column":48},"skip":true},"31":{"start":{"line":123,"column":8},"end":{"line":136,"column":10},"skip":true},"32":{"start":{"line":130,"column":12},"end":{"line":130,"column":76},"skip":true},"33":{"start":{"line":131,"column":12},"end":{"line":131,"column":73},"skip":true},"34":{"start":{"line":132,"column":12},"end":{"line":132,"column":74},"skip":true},"35":{"start":{"line":133,"column":12},"end":{"line":133,"column":79},"skip":true},"36":{"start":{"line":134,"column":12},"end":{"line":134,"column":25},"skip":true},"37":{"start":{"line":135,"column":12},"end":{"line":135,"column":45},"skip":true},"38":{"start":{"line":138,"column":8},"end":{"line":145,"column":14},"skip":true},"39":{"start":{"line":143,"column":16},"end":{"line":143,"column":29},"skip":true},"40":{"start":{"line":144,"column":16},"end":{"line":144,"column":55},"skip":true},"41":{"start":{"line":147,"column":8},"end":{"line":156,"column":10},"skip":true},"42":{"start":{"line":154,"column":12},"end":{"line":154,"column":25},"skip":true},"43":{"start":{"line":155,"column":12},"end":{"line":155,"column":45},"skip":true},"44":{"start":{"line":158,"column":8},"end":{"line":167,"column":10},"skip":true},"45":{"start":{"line":165,"column":12},"end":{"line":165,"column":25},"skip":true},"46":{"start":{"line":166,"column":12},"end":{"line":166,"column":48},"skip":true},"47":{"start":{"line":169,"column":8},"end":{"line":178,"column":10},"skip":true},"48":{"start":{"line":176,"column":12},"end":{"line":176,"column":25},"skip":true},"49":{"start":{"line":177,"column":12},"end":{"line":177,"column":46},"skip":true},"50":{"start":{"line":180,"column":8},"end":{"line":189,"column":10},"skip":true},"51":{"start":{"line":187,"column":12},"end":{"line":187,"column":94},"skip":true},"52":{"start":{"line":188,"column":12},"end":{"line":188,"column":48},"skip":true},"53":{"start":{"line":192,"column":8},"end":{"line":192,"column":35},"skip":true},"54":{"start":{"line":193,"column":8},"end":{"line":193,"column":14},"skip":true}},"branchMap":{"1":{"line":25,"type":"binary-expr","locations":[{"start":{"line":25,"column":23},"end":{"line":25,"column":62}},{"start":{"line":26,"column":20},"end":{"line":26,"column":70}},{"start":{"line":27,"column":20},"end":{"line":27,"column":71}},{"start":{"line":28,"column":20},"end":{"line":28,"column":29}}]},"2":{"line":30,"type":"binary-expr","locations":[{"start":{"line":30,"column":23},"end":{"line":30,"column":37}},{"start":{"line":31,"column":20},"end":{"line":31,"column":61}},{"start":{"line":32,"column":20},"end":{"line":32,"column":70}},{"start":{"line":33,"column":20},"end":{"line":33,"column":26}}]},"3":{"line":37,"type":"cond-expr","locations":[{"start":{"line":38,"column":14},"end":{"line":38,"column":20}},{"start":{"line":39,"column":14},"end":{"line":39,"column":20}}]},"4":{"line":40,"type":"switch","locations":[{"start":{"line":42,"column":8},"end":{"line":47,"column":18}},{"start":{"line":49,"column":8},"end":{"line":52,"column":18}}]},"5":{"line":44,"type":"binary-expr","locations":[{"start":{"line":44,"column":16},"end":{"line":44,"column":44}},{"start":{"line":44,"column":48},"end":{"line":44,"column":66}}]},"6":{"line":50,"type":"binary-expr","locations":[{"start":{"line":50,"column":21},"end":{"line":50,"column":49}},{"start":{"line":50,"column":53},"end":{"line":50,"column":72}}]},"7":{"line":64,"type":"switch","locations":[{"start":{"line":69,"column":4},"end":{"line":70,"column":14}},{"start":{"line":75,"column":4},"end":{"line":76,"column":14}}]},"8":{"line":85,"type":"switch","locations":[{"start":{"line":90,"column":4},"end":{"line":105,"column":14}},{"start":{"line":111,"column":4},"end":{"line":193,"column":14},"skip":true}]},"9":{"line":91,"type":"binary-expr","locations":[{"start":{"line":91,"column":42},"end":{"line":91,"column":73}},{"start":{"line":91,"column":77},"end":{"line":99,"column":9}}]},"10":{"line":102,"type":"binary-expr","locations":[{"start":{"line":102,"column":18},"end":{"line":102,"column":32}},{"start":{"line":103,"column":12},"end":{"line":103,"column":53}},{"start":{"line":104,"column":12},"end":{"line":104,"column":61}}]},"11":{"line":112,"type":"binary-expr","locations":[{"start":{"line":112,"column":45},"end":{"line":112,"column":79},"skip":true},{"start":{"line":112,"column":83},"end":{"line":121,"column":9},"skip":true}]},"12":{"line":123,"type":"binary-expr","locations":[{"start":{"line":123,"column":42},"end":{"line":123,"column":73},"skip":true},{"start":{"line":123,"column":77},"end":{"line":136,"column":9},"skip":true}]},"13":{"line":138,"type":"binary-expr","locations":[{"start":{"line":138,"column":48},"end":{"line":138,"column":85},"skip":true},{"start":{"line":139,"column":12},"end":{"line":145,"column":13},"skip":true}]},"14":{"line":147,"type":"binary-expr","locations":[{"start":{"line":147,"column":42},"end":{"line":147,"column":73},"skip":true},{"start":{"line":147,"column":77},"end":{"line":156,"column":9},"skip":true}]},"15":{"line":158,"type":"binary-expr","locations":[{"start":{"line":158,"column":45},"end":{"line":158,"column":79},"skip":true},{"start":{"line":158,"column":83},"end":{"line":167,"column":9},"skip":true}]},"16":{"line":169,"type":"binary-expr","locations":[{"start":{"line":169,"column":43},"end":{"line":169,"column":75},"skip":true},{"start":{"line":169,"column":79},"end":{"line":178,"column":9},"skip":true}]},"17":{"line":180,"type":"binary-expr","locations":[{"start":{"line":180,"column":41},"end":{"line":180,"column":71},"skip":true},{"start":{"line":180,"column":75},"end":{"line":189,"column":9},"skip":true}]}},"code":["/* istanbul instrument in package npmtest_lazy_js */","/*jslint","    bitwise: true,","    browser: true,","    maxerr: 8,","    maxlen: 96,","    node: true,","    nomen: true,","    regexp: true,","    stupid: true","*/","(function () {","    'use strict';","    var local;","","","","    // run shared js-env code - pre-init","    (function () {","        // init local","        local = {};","        // init modeJs","        local.modeJs = (function () {","            try {","                return typeof navigator.userAgent === 'string' &&","                    typeof document.querySelector('body') === 'object' &&","                    typeof XMLHttpRequest.prototype.open === 'function' &&","                    'browser';","            } catch (errorCaughtBrowser) {","                return module.exports &&","                    typeof process.versions.node === 'string' &&","                    typeof require('http').createServer === 'function' &&","                    'node';","            }","        }());","        // init global","        local.global = local.modeJs === 'browser'","            ? window","            : global;","        switch (local.modeJs) {","        // re-init local from window.local","        case 'browser':","            local = local.global.utility2.objectSetDefault(","                local.global.utility2_rollup || local.global.local,","                local.global.utility2","            );","            break;","        // re-init local from example.js","        case 'node':","            local = (local.global.utility2_rollup || require('utility2'))","                .requireExampleJsFromReadme();","            break;","        }","        // export local","        local.global.local = local;","    }());","","","","    // run shared js-env code - function","    (function () {","        return;","    }());","    switch (local.modeJs) {","","","","    // run browser js-env code - function","    case 'browser':","        break;","","","","    // run node js-env code - function","    case 'node':","        break;","    }","","","","    // run shared js-env code - post-init","    (function () {","        return;","    }());","    switch (local.modeJs) {","","","","    // run browser js-env code - post-init","    case 'browser':","        local.testCase_browser_nullCase = local.testCase_browser_nullCase || function (","            options,","            onError","        ) {","        /*","         * this function will test browsers's null-case handling-behavior-behavior","         */","            onError(null, options);","        };","","        // run tests","        local.nop(local.modeTest &&","            document.querySelector('#testRunButton1') &&","            document.querySelector('#testRunButton1').click());","        break;","","","","    // run node js-env code - post-init","    /* istanbul ignore next */","    case 'node':","        local.testCase_buildApidoc_default = local.testCase_buildApidoc_default || function (","            options,","            onError","        ) {","        /*","         * this function will test buildApidoc's default handling-behavior-behavior","         */","            options = { modulePathList: module.paths };","            local.buildApidoc(options, onError);","        };","","        local.testCase_buildApp_default = local.testCase_buildApp_default || function (","            options,","            onError","        ) {","        /*","         * this function will test buildApp's default handling-behavior-behavior","         */","            local.testCase_buildReadme_default(options, local.onErrorThrow);","            local.testCase_buildLib_default(options, local.onErrorThrow);","            local.testCase_buildTest_default(options, local.onErrorThrow);","            local.testCase_buildCustomOrg_default(options, local.onErrorThrow);","            options = [];","            local.buildApp(options, onError);","        };","","        local.testCase_buildCustomOrg_default = local.testCase_buildCustomOrg_default ||","            function (options, onError) {","            /*","             * this function will test buildCustomOrg's default handling-behavior","             */","                options = {};","                local.buildCustomOrg(options, onError);","            };","","        local.testCase_buildLib_default = local.testCase_buildLib_default || function (","            options,","            onError","        ) {","        /*","         * this function will test buildLib's default handling-behavior","         */","            options = {};","            local.buildLib(options, onError);","        };","","        local.testCase_buildReadme_default = local.testCase_buildReadme_default || function (","            options,","            onError","        ) {","        /*","         * this function will test buildReadme's default handling-behavior-behavior","         */","            options = {};","            local.buildReadme(options, onError);","        };","","        local.testCase_buildTest_default = local.testCase_buildTest_default || function (","            options,","            onError","        ) {","        /*","         * this function will test buildTest's default handling-behavior","         */","            options = {};","            local.buildTest(options, onError);","        };","","        local.testCase_webpage_default = local.testCase_webpage_default || function (","            options,","            onError","        ) {","        /*","         * this function will test webpage's default handling-behavior","         */","            options = { modeCoverageMerge: true, url: local.serverLocalHost + '?modeTest=1' };","            local.browserTest(options, onError);","        };","","        // run test-server","        local.testRunServer(local);","        break;","    }","}());",""],"l":{"12":2,"14":2,"19":2,"21":2,"23":2,"24":2,"25":2,"30":1,"37":2,"40":2,"43":1,"47":1,"50":1,"52":1,"55":2,"61":2,"62":2,"64":2,"70":1,"76":1,"82":2,"83":2,"85":2,"91":1,"98":1,"102":1,"105":1,"112":1,"119":1,"120":1,"123":1,"130":1,"131":1,"132":1,"133":1,"134":1,"135":1,"138":1,"143":2,"144":2,"147":1,"154":2,"155":2,"158":1,"165":2,"166":2,"169":1,"176":2,"177":2,"180":1,"187":1,"188":1,"192":1,"193":1}},"/home/travis/build/npmtest/node-npmtest-lazy.js/lib.npmtest_lazy.js.js":{"path":"/home/travis/build/npmtest/node-npmtest-lazy.js/lib.npmtest_lazy.js.js","s":{"1":2,"2":2,"3":2,"4":2,"5":2,"6":2,"7":2,"8":1,"9":2,"10":2,"11":2,"12":2,"13":1,"14":1,"15":1,"16":1},"b":{"1":[2,1,1,1],"2":[1,1,1,1],"3":[1,1],"4":[2,2],"5":[1,1]},"f":{"1":2,"2":2,"3":2},"fnMap":{"1":{"name":"(anonymous_1)","line":12,"loc":{"start":{"line":12,"column":1},"end":{"line":12,"column":13}}},"2":{"name":"(anonymous_2)","line":19,"loc":{"start":{"line":19,"column":5},"end":{"line":19,"column":17}}},"3":{"name":"(anonymous_3)","line":23,"loc":{"start":{"line":23,"column":24},"end":{"line":23,"column":36}}}},"statementMap":{"1":{"start":{"line":12,"column":0},"end":{"line":53,"column":5}},"2":{"start":{"line":14,"column":4},"end":{"line":14,"column":14}},"3":{"start":{"line":19,"column":4},"end":{"line":52,"column":9}},"4":{"start":{"line":21,"column":8},"end":{"line":21,"column":19}},"5":{"start":{"line":23,"column":8},"end":{"line":35,"column":13}},"6":{"start":{"line":24,"column":12},"end":{"line":34,"column":13}},"7":{"start":{"line":25,"column":16},"end":{"line":28,"column":30}},"8":{"start":{"line":30,"column":16},"end":{"line":33,"column":27}},"9":{"start":{"line":37,"column":8},"end":{"line":39,"column":21}},"10":{"start":{"line":41,"column":8},"end":{"line":41,"column":54}},"11":{"start":{"line":43,"column":8},"end":{"line":43,"column":52}},"12":{"start":{"line":45,"column":8},"end":{"line":51,"column":9}},"13":{"start":{"line":46,"column":12},"end":{"line":46,"column":58}},"14":{"start":{"line":48,"column":12},"end":{"line":48,"column":35}},"15":{"start":{"line":49,"column":12},"end":{"line":49,"column":49}},"16":{"start":{"line":50,"column":12},"end":{"line":50,"column":43}}},"branchMap":{"1":{"line":25,"type":"binary-expr","locations":[{"start":{"line":25,"column":23},"end":{"line":25,"column":62}},{"start":{"line":26,"column":20},"end":{"line":26,"column":70}},{"start":{"line":27,"column":20},"end":{"line":27,"column":71}},{"start":{"line":28,"column":20},"end":{"line":28,"column":29}}]},"2":{"line":30,"type":"binary-expr","locations":[{"start":{"line":30,"column":23},"end":{"line":30,"column":37}},{"start":{"line":31,"column":20},"end":{"line":31,"column":61}},{"start":{"line":32,"column":20},"end":{"line":32,"column":70}},{"start":{"line":33,"column":20},"end":{"line":33,"column":26}}]},"3":{"line":37,"type":"cond-expr","locations":[{"start":{"line":38,"column":14},"end":{"line":38,"column":20}},{"start":{"line":39,"column":14},"end":{"line":39,"column":20}}]},"4":{"line":41,"type":"binary-expr","locations":[{"start":{"line":41,"column":16},"end":{"line":41,"column":44}},{"start":{"line":41,"column":48},"end":{"line":41,"column":53}}]},"5":{"line":45,"type":"if","locations":[{"start":{"line":45,"column":8},"end":{"line":45,"column":8}},{"start":{"line":45,"column":8},"end":{"line":45,"column":8}}]}},"code":["/* istanbul instrument in package npmtest_lazy_js */","/*jslint","    bitwise: true,","    browser: true,","    maxerr: 8,","    maxlen: 96,","    node: true,","    nomen: true,","    regexp: true,","    stupid: true","*/","(function () {","    'use strict';","    var local;","","","","    // run shared js-env code - pre-init","    (function () {","        // init local","        local = {};","        // init modeJs","        local.modeJs = (function () {","            try {","                return typeof navigator.userAgent === 'string' &&","                    typeof document.querySelector('body') === 'object' &&","                    typeof XMLHttpRequest.prototype.open === 'function' &&","                    'browser';","            } catch (errorCaughtBrowser) {","                return module.exports &&","                    typeof process.versions.node === 'string' &&","                    typeof require('http').createServer === 'function' &&","                    'node';","            }","        }());","        // init global","        local.global = local.modeJs === 'browser'","            ? window","            : global;","        // init utility2_rollup","        local = local.global.utility2_rollup || local;","        // init lib","        local.local = local.npmtest_lazy_js = local;","        // init exports","        if (local.modeJs === 'browser') {","            local.global.utility2_npmtest_lazy_js = local;","        } else {","            module.exports = local;","            module.exports.__dirname = __dirname;","            module.exports.module = module;","        }","    }());","}());",""],"l":{"12":2,"14":2,"19":2,"21":2,"23":2,"24":2,"25":2,"30":1,"37":2,"41":2,"43":2,"45":2,"46":1,"48":1,"49":1,"50":1}},"/home/travis/build/npmtest/node-npmtest-lazy.js/example.js":{"path":"/home/travis/build/npmtest/node-npmtest-lazy.js/example.js","s":{"1":2,"2":2,"3":2,"4":2,"5":2,"6":2,"7":2,"8":1,"9":2,"10":2,"11":2,"12":2,"13":1,"14":2,"15":2,"16":2,"17":2,"18":2,"19":0,"20":2,"21":1,"22":1,"23":1,"24":1,"25":1,"26":0,"27":0,"28":1,"29":1,"30":2,"31":0,"32":0,"33":0,"34":1,"35":2,"36":2,"37":3,"38":3,"39":3,"40":3,"41":0,"42":3,"43":3,"44":3,"45":1,"46":3,"47":1,"48":1,"49":1,"50":1,"51":1,"52":1,"53":1,"54":1,"55":1,"56":1,"57":0,"58":1,"59":6,"60":6,"61":1,"62":2,"63":0,"64":2,"65":1,"66":1,"67":0,"68":0,"69":0,"70":0,"71":0,"72":0,"73":0,"74":0,"75":0,"76":0,"77":0,"78":0,"79":0,"80":0,"81":0,"82":0,"83":0},"b":{"1":[2,1,1,1],"2":[1,1,1,1],"3":[1,1],"4":[2,2],"5":[1,1],"6":[1,1],"7":[2,0],"8":[2,1,1,1,1,1],"9":[0,2,0],"10":[1,1],"11":[2,1,1],"12":[1,0],"13":[0,2],"14":[2,0,0,0,0,0,0],"15":[0,3],"16":[3,0],"17":[1,1],"18":[0,1],"19":[1,2,0,2],"20":[1,0],"21":[1,1],"22":[0,0],"23":[0,0],"24":[0,0],"25":[0,0],"26":[0,0],"27":[0,0],"28":[0,0]},"f":{"1":2,"2":2,"3":2,"4":2,"5":2,"6":2,"7":3,"8":3,"9":3,"10":1,"11":6,"12":0},"fnMap":{"1":{"name":"(anonymous_1)","line":26,"loc":{"start":{"line":26,"column":1},"end":{"line":26,"column":13}}},"2":{"name":"(anonymous_2)","line":33,"loc":{"start":{"line":33,"column":5},"end":{"line":33,"column":17}}},"3":{"name":"(anonymous_3)","line":37,"loc":{"start":{"line":37,"column":24},"end":{"line":37,"column":36}}},"4":{"name":"(anonymous_4)","line":69,"loc":{"start":{"line":69,"column":31},"end":{"line":69,"column":48}},"skip":true},"5":{"name":"(anonymous_5)","line":78,"loc":{"start":{"line":78,"column":26},"end":{"line":78,"column":45}},"skip":true},"6":{"name":"(anonymous_6)","line":123,"loc":{"start":{"line":123,"column":33},"end":{"line":123,"column":48}},"skip":true},"7":{"name":"(anonymous_7)","line":125,"loc":{"start":{"line":125,"column":27},"end":{"line":125,"column":39}},"skip":true},"8":{"name":"(anonymous_8)","line":133,"loc":{"start":{"line":133,"column":59},"end":{"line":133,"column":74}},"skip":true},"9":{"name":"(anonymous_9)","line":143,"loc":{"start":{"line":143,"column":45},"end":{"line":143,"column":62}},"skip":true},"10":{"name":"(anonymous_10)","line":144,"loc":{"start":{"line":144,"column":73},"end":{"line":144,"column":92}},"skip":true},"11":{"name":"(anonymous_11)","line":272,"loc":{"start":{"line":272,"column":51},"end":{"line":272,"column":77}},"skip":true},"12":{"name":"(anonymous_12)","line":315,"loc":{"start":{"line":315,"column":32},"end":{"line":315,"column":61}},"skip":true}},"statementMap":{"1":{"start":{"line":26,"column":0},"end":{"line":326,"column":5}},"2":{"start":{"line":28,"column":4},"end":{"line":28,"column":14}},"3":{"start":{"line":33,"column":4},"end":{"line":60,"column":9}},"4":{"start":{"line":35,"column":8},"end":{"line":35,"column":19}},"5":{"start":{"line":37,"column":8},"end":{"line":49,"column":13}},"6":{"start":{"line":38,"column":12},"end":{"line":48,"column":13}},"7":{"start":{"line":39,"column":16},"end":{"line":42,"column":30}},"8":{"start":{"line":44,"column":16},"end":{"line":47,"column":27}},"9":{"start":{"line":51,"column":8},"end":{"line":53,"column":21}},"10":{"start":{"line":55,"column":8},"end":{"line":57,"column":45}},"11":{"start":{"line":59,"column":8},"end":{"line":59,"column":35}},"12":{"start":{"line":61,"column":4},"end":{"line":325,"column":5}},"13":{"start":{"line":69,"column":8},"end":{"line":121,"column":10},"skip":true},"14":{"start":{"line":70,"column":12},"end":{"line":88,"column":13},"skip":true},"15":{"start":{"line":76,"column":16},"end":{"line":87,"column":19},"skip":true},"16":{"start":{"line":79,"column":20},"end":{"line":86,"column":21},"skip":true},"17":{"start":{"line":82,"column":24},"end":{"line":82,"column":43},"skip":true},"18":{"start":{"line":83,"column":24},"end":{"line":83,"column":30},"skip":true},"19":{"start":{"line":85,"column":24},"end":{"line":85,"column":49},"skip":true},"20":{"start":{"line":89,"column":12},"end":{"line":107,"column":13},"skip":true},"21":{"start":{"line":92,"column":16},"end":{"line":102,"column":17},"skip":true},"22":{"start":{"line":93,"column":20},"end":{"line":93,"column":86},"skip":true},"23":{"start":{"line":94,"column":20},"end":{"line":95,"column":45},"skip":true},"24":{"start":{"line":96,"column":20},"end":{"line":96,"column":42},"skip":true},"25":{"start":{"line":97,"column":20},"end":{"line":97,"column":48},"skip":true},"26":{"start":{"line":100,"column":20},"end":{"line":100,"column":85},"skip":true},"27":{"start":{"line":101,"column":20},"end":{"line":101,"column":96},"skip":true},"28":{"start":{"line":103,"column":16},"end":{"line":103,"column":22},"skip":true},"29":{"start":{"line":106,"column":16},"end":{"line":106,"column":22},"skip":true},"30":{"start":{"line":108,"column":12},"end":{"line":120,"column":13},"skip":true},"31":{"start":{"line":114,"column":16},"end":{"line":119,"column":17},"skip":true},"32":{"start":{"line":116,"column":20},"end":{"line":116,"column":78},"skip":true},"33":{"start":{"line":118,"column":20},"end":{"line":118,"column":47},"skip":true},"34":{"start":{"line":123,"column":8},"end":{"line":141,"column":11},"skip":true},"35":{"start":{"line":124,"column":12},"end":{"line":124,"column":54},"skip":true},"36":{"start":{"line":125,"column":12},"end":{"line":140,"column":14},"skip":true},"37":{"start":{"line":126,"column":16},"end":{"line":126,"column":28},"skip":true},"38":{"start":{"line":127,"column":16},"end":{"line":127,"column":69},"skip":true},"39":{"start":{"line":128,"column":16},"end":{"line":128,"column":75},"skip":true},"40":{"start":{"line":129,"column":16},"end":{"line":131,"column":17},"skip":true},"41":{"start":{"line":130,"column":20},"end":{"line":130,"column":27},"skip":true},"42":{"start":{"line":133,"column":16},"end":{"line":137,"column":36},"skip":true},"43":{"start":{"line":134,"column":20},"end":{"line":136,"column":55},"skip":true},"44":{"start":{"line":139,"column":16},"end":{"line":139,"column":57},"skip":true},"45":{"start":{"line":143,"column":8},"end":{"line":147,"column":11},"skip":true},"46":{"start":{"line":144,"column":12},"end":{"line":146,"column":15},"skip":true},"47":{"start":{"line":145,"column":16},"end":{"line":145,"column":70},"skip":true},"48":{"start":{"line":149,"column":8},"end":{"line":149,"column":31},"skip":true},"49":{"start":{"line":150,"column":8},"end":{"line":150,"column":14},"skip":true},"50":{"start":{"line":158,"column":8},"end":{"line":158,"column":31},"skip":true},"51":{"start":{"line":160,"column":8},"end":{"line":160,"column":33},"skip":true},"52":{"start":{"line":161,"column":8},"end":{"line":161,"column":37},"skip":true},"53":{"start":{"line":162,"column":8},"end":{"line":162,"column":35},"skip":true},"54":{"start":{"line":164,"column":8},"end":{"line":164,"column":50},"skip":true},"55":{"start":{"line":166,"column":8},"end":{"line":256,"column":2},"skip":true},"56":{"start":{"line":258,"column":8},"end":{"line":286,"column":9},"skip":true},"57":{"start":{"line":259,"column":12},"end":{"line":269,"column":14},"skip":true},"58":{"start":{"line":271,"column":12},"end":{"line":285,"column":19},"skip":true},"59":{"start":{"line":274,"column":20},"end":{"line":274,"column":35},"skip":true},"60":{"start":{"line":275,"column":20},"end":{"line":284,"column":21},"skip":true},"61":{"start":{"line":277,"column":24},"end":{"line":277,"column":64},"skip":true},"62":{"start":{"line":279,"column":24},"end":{"line":279,"column":40},"skip":true},"63":{"start":{"line":281,"column":24},"end":{"line":281,"column":40},"skip":true},"64":{"start":{"line":283,"column":24},"end":{"line":283,"column":39},"skip":true},"65":{"start":{"line":288,"column":8},"end":{"line":290,"column":9},"skip":true},"66":{"start":{"line":289,"column":12},"end":{"line":289,"column":18},"skip":true},"67":{"start":{"line":291,"column":8},"end":{"line":293,"column":54},"skip":true},"68":{"start":{"line":296,"column":8},"end":{"line":301,"column":37},"skip":true},"69":{"start":{"line":303,"column":8},"end":{"line":303,"column":82},"skip":true},"70":{"start":{"line":306,"column":8},"end":{"line":308,"column":9},"skip":true},"71":{"start":{"line":307,"column":12},"end":{"line":307,"column":82},"skip":true},"72":{"start":{"line":310,"column":8},"end":{"line":312,"column":9},"skip":true},"73":{"start":{"line":311,"column":12},"end":{"line":311,"column":18},"skip":true},"74":{"start":{"line":313,"column":8},"end":{"line":313,"column":54},"skip":true},"75":{"start":{"line":314,"column":8},"end":{"line":314,"column":69},"skip":true},"76":{"start":{"line":315,"column":8},"end":{"line":323,"column":36},"skip":true},"77":{"start":{"line":316,"column":12},"end":{"line":316,"column":61},"skip":true},"78":{"start":{"line":317,"column":12},"end":{"line":320,"column":13},"skip":true},"79":{"start":{"line":318,"column":16},"end":{"line":318,"column":75},"skip":true},"80":{"start":{"line":319,"column":16},"end":{"line":319,"column":23},"skip":true},"81":{"start":{"line":321,"column":12},"end":{"line":321,"column":38},"skip":true},"82":{"start":{"line":322,"column":12},"end":{"line":322,"column":27},"skip":true},"83":{"start":{"line":324,"column":8},"end":{"line":324,"column":14},"skip":true}},"branchMap":{"1":{"line":39,"type":"binary-expr","locations":[{"start":{"line":39,"column":23},"end":{"line":39,"column":62}},{"start":{"line":40,"column":20},"end":{"line":40,"column":70}},{"start":{"line":41,"column":20},"end":{"line":41,"column":71}},{"start":{"line":42,"column":20},"end":{"line":42,"column":29}}]},"2":{"line":44,"type":"binary-expr","locations":[{"start":{"line":44,"column":23},"end":{"line":44,"column":37}},{"start":{"line":45,"column":20},"end":{"line":45,"column":61}},{"start":{"line":46,"column":20},"end":{"line":46,"column":70}},{"start":{"line":47,"column":20},"end":{"line":47,"column":26}}]},"3":{"line":51,"type":"cond-expr","locations":[{"start":{"line":52,"column":14},"end":{"line":52,"column":20}},{"start":{"line":53,"column":14},"end":{"line":53,"column":20}}]},"4":{"line":55,"type":"binary-expr","locations":[{"start":{"line":55,"column":16},"end":{"line":55,"column":44}},{"start":{"line":55,"column":49},"end":{"line":57,"column":43}}]},"5":{"line":55,"type":"cond-expr","locations":[{"start":{"line":56,"column":14},"end":{"line":56,"column":51}},{"start":{"line":57,"column":14},"end":{"line":57,"column":43}}]},"6":{"line":61,"type":"switch","locations":[{"start":{"line":68,"column":4},"end":{"line":150,"column":14},"skip":true},{"start":{"line":156,"column":4},"end":{"line":324,"column":14},"skip":true}]},"7":{"line":70,"type":"if","locations":[{"start":{"line":70,"column":12},"end":{"line":70,"column":12},"skip":true},{"start":{"line":70,"column":12},"end":{"line":70,"column":12},"skip":true}]},"8":{"line":70,"type":"binary-expr","locations":[{"start":{"line":70,"column":16},"end":{"line":70,"column":22},"skip":true},{"start":{"line":70,"column":27},"end":{"line":70,"column":32},"skip":true},{"start":{"line":71,"column":20},"end":{"line":71,"column":39},"skip":true},{"start":{"line":72,"column":20},"end":{"line":72,"column":49},"skip":true},{"start":{"line":73,"column":20},"end":{"line":73,"column":58},"skip":true},{"start":{"line":74,"column":20},"end":{"line":74,"column":69},"skip":true}]},"9":{"line":79,"type":"switch","locations":[{"start":{"line":80,"column":20},"end":{"line":80,"column":33},"skip":true},{"start":{"line":81,"column":20},"end":{"line":83,"column":30},"skip":true},{"start":{"line":84,"column":20},"end":{"line":85,"column":49},"skip":true}]},"10":{"line":89,"type":"switch","locations":[{"start":{"line":90,"column":12},"end":{"line":103,"column":22},"skip":true},{"start":{"line":105,"column":12},"end":{"line":106,"column":22},"skip":true}]},"11":{"line":89,"type":"binary-expr","locations":[{"start":{"line":89,"column":20},"end":{"line":89,"column":25},"skip":true},{"start":{"line":89,"column":29},"end":{"line":89,"column":48},"skip":true},{"start":{"line":89,"column":52},"end":{"line":89,"column":74},"skip":true}]},"12":{"line":92,"type":"if","locations":[{"start":{"line":92,"column":16},"end":{"line":92,"column":16},"skip":true},{"start":{"line":92,"column":16},"end":{"line":92,"column":16},"skip":true}]},"13":{"line":108,"type":"if","locations":[{"start":{"line":108,"column":12},"end":{"line":108,"column":12},"skip":true},{"start":{"line":108,"column":12},"end":{"line":108,"column":12},"skip":true}]},"14":{"line":108,"type":"binary-expr","locations":[{"start":{"line":108,"column":16},"end":{"line":108,"column":61},"skip":true},{"start":{"line":108,"column":66},"end":{"line":108,"column":72},"skip":true},{"start":{"line":108,"column":77},"end":{"line":108,"column":82},"skip":true},{"start":{"line":109,"column":20},"end":{"line":109,"column":39},"skip":true},{"start":{"line":110,"column":20},"end":{"line":110,"column":49},"skip":true},{"start":{"line":111,"column":20},"end":{"line":111,"column":58},"skip":true},{"start":{"line":112,"column":20},"end":{"line":112,"column":68},"skip":true}]},"15":{"line":129,"type":"if","locations":[{"start":{"line":129,"column":16},"end":{"line":129,"column":16},"skip":true},{"start":{"line":129,"column":16},"end":{"line":129,"column":16},"skip":true}]},"16":{"line":134,"type":"cond-expr","locations":[{"start":{"line":135,"column":26},"end":{"line":135,"column":29},"skip":true},{"start":{"line":136,"column":26},"end":{"line":136,"column":54},"skip":true}]},"17":{"line":164,"type":"binary-expr","locations":[{"start":{"line":164,"column":27},"end":{"line":164,"column":43},"skip":true},{"start":{"line":164,"column":47},"end":{"line":164,"column":49},"skip":true}]},"18":{"line":258,"type":"if","locations":[{"start":{"line":258,"column":8},"end":{"line":258,"column":8},"skip":true},{"start":{"line":258,"column":8},"end":{"line":258,"column":8},"skip":true}]},"19":{"line":275,"type":"switch","locations":[{"start":{"line":276,"column":20},"end":{"line":277,"column":64},"skip":true},{"start":{"line":278,"column":20},"end":{"line":279,"column":40},"skip":true},{"start":{"line":280,"column":20},"end":{"line":281,"column":40},"skip":true},{"start":{"line":282,"column":20},"end":{"line":283,"column":39},"skip":true}]},"20":{"line":288,"type":"if","locations":[{"start":{"line":288,"column":8},"end":{"line":288,"column":8},"skip":true},{"start":{"line":288,"column":8},"end":{"line":288,"column":8},"skip":true}]},"21":{"line":288,"type":"binary-expr","locations":[{"start":{"line":288,"column":12},"end":{"line":288,"column":40},"skip":true},{"start":{"line":288,"column":44},"end":{"line":288,"column":67},"skip":true}]},"22":{"line":292,"type":"binary-expr","locations":[{"start":{"line":292,"column":12},"end":{"line":292,"column":50},"skip":true},{"start":{"line":293,"column":12},"end":{"line":293,"column":53},"skip":true}]},"23":{"line":297,"type":"binary-expr","locations":[{"start":{"line":297,"column":12},"end":{"line":297,"column":65},"skip":true},{"start":{"line":298,"column":12},"end":{"line":301,"column":36},"skip":true}]},"24":{"line":303,"type":"binary-expr","locations":[{"start":{"line":303,"column":43},"end":{"line":303,"column":75},"skip":true},{"start":{"line":303,"column":79},"end":{"line":303,"column":81},"skip":true}]},"25":{"line":306,"type":"if","locations":[{"start":{"line":306,"column":8},"end":{"line":306,"column":8},"skip":true},{"start":{"line":306,"column":8},"end":{"line":306,"column":8},"skip":true}]},"26":{"line":310,"type":"if","locations":[{"start":{"line":310,"column":8},"end":{"line":310,"column":8},"skip":true},{"start":{"line":310,"column":8},"end":{"line":310,"column":8},"skip":true}]},"27":{"line":313,"type":"binary-expr","locations":[{"start":{"line":313,"column":27},"end":{"line":313,"column":43},"skip":true},{"start":{"line":313,"column":47},"end":{"line":313,"column":53},"skip":true}]},"28":{"line":317,"type":"if","locations":[{"start":{"line":317,"column":12},"end":{"line":317,"column":12},"skip":true},{"start":{"line":317,"column":12},"end":{"line":317,"column":12},"skip":true}]}},"code":["/*","example.js","","quickstart example","","instruction","    1. save this script as example.js","    2. run the shell command:","        $ npm install npmtest-lazy.js && PORT=8081 node example.js","    3. play with the browser-demo on http://127.0.0.1:8081","*/","","","","/* istanbul instrument in package npmtest_lazy_js */","/*jslint","    bitwise: true,","    browser: true,","    maxerr: 8,","    maxlen: 96,","    node: true,","    nomen: true,","    regexp: true,","    stupid: true","*/","(function () {","    'use strict';","    var local;","","","","    // run shared js-env code - pre-init","    (function () {","        // init local","        local = {};","        // init modeJs","        local.modeJs = (function () {","            try {","                return typeof navigator.userAgent === 'string' &&","                    typeof document.querySelector('body') === 'object' &&","                    typeof XMLHttpRequest.prototype.open === 'function' &&","                    'browser';","            } catch (errorCaughtBrowser) {","                return module.exports &&","                    typeof process.versions.node === 'string' &&","                    typeof require('http').createServer === 'function' &&","                    'node';","            }","        }());","        // init global","        local.global = local.modeJs === 'browser'","            ? window","            : global;","        // init utility2_rollup","        local = local.global.utility2_rollup || (local.modeJs === 'browser'","            ? local.global.utility2_npmtest_lazy_js","            : global.utility2_moduleExports);","        // export local","        local.global.local = local;","    }());","    switch (local.modeJs) {","","","","    // post-init","    // run browser js-env code - post-init","    /* istanbul ignore next */","    case 'browser':","        local.testRunBrowser = function (event) {","            if (!event || (event &&","                    event.currentTarget &&","                    event.currentTarget.className &&","                    event.currentTarget.className.includes &&","                    event.currentTarget.className.includes('onreset'))) {","                // reset output","                Array.from(","                    document.querySelectorAll('body > .resettable')","                ).forEach(function (element) {","                    switch (element.tagName) {","                    case 'INPUT':","                    case 'TEXTAREA':","                        element.value = '';","                        break;","                    default:","                        element.textContent = '';","                    }","                });","            }","            switch (event && event.currentTarget && event.currentTarget.id) {","            case 'testRunButton1':","                // show tests","                if (document.querySelector('#testReportDiv1').style.display === 'none') {","                    document.querySelector('#testReportDiv1').style.display = 'block';","                    document.querySelector('#testRunButton1').textContent =","                        'hide internal test';","                    local.modeTest = true;","                    local.testRunDefault(local);","                // hide tests","                } else {","                    document.querySelector('#testReportDiv1').style.display = 'none';","                    document.querySelector('#testRunButton1').textContent = 'run internal test';","                }","                break;","            // custom-case","            default:","                break;","            }","            if (document.querySelector('#inputTextareaEval1') && (!event || (event &&","                    event.currentTarget &&","                    event.currentTarget.className &&","                    event.currentTarget.className.includes &&","                    event.currentTarget.className.includes('oneval')))) {","                // try to eval input-code","                try {","                    /*jslint evil: true*/","                    eval(document.querySelector('#inputTextareaEval1').value);","                } catch (errorCaught) {","                    console.error(errorCaught);","                }","            }","        };","        // log stderr and stdout to #outputTextareaStdout1","        ['error', 'log'].forEach(function (key) {","            console[key + '_original'] = console[key];","            console[key] = function () {","                var element;","                console[key + '_original'].apply(console, arguments);","                element = document.querySelector('#outputTextareaStdout1');","                if (!element) {","                    return;","                }","                // append text to #outputTextareaStdout1","                element.value += Array.from(arguments).map(function (arg) {","                    return typeof arg === 'string'","                        ? arg","                        : JSON.stringify(arg, null, 4);","                }).join(' ') + '\\n';","                // scroll textarea to bottom","                element.scrollTop = element.scrollHeight;","            };","        });","        // init event-handling","        ['change', 'click', 'keyup'].forEach(function (event) {","            Array.from(document.querySelectorAll('.on' + event)).forEach(function (element) {","                element.addEventListener(event, local.testRunBrowser);","            });","        });","        // run tests","        local.testRunBrowser();","        break;","","","","    // run node js-env code - post-init","    /* istanbul ignore next */","    case 'node':","        // export local","        module.exports = local;","        // require modules","        local.fs = require('fs');","        local.http = require('http');","        local.url = require('url');","        // init assets","        local.assetsDict = local.assetsDict || {};","        /* jslint-ignore-begin */","        local.assetsDict['/assets.index.template.html'] = '\\","<!doctype html>\\n\\","<html lang=\"en\">\\n\\","<head>\\n\\","<meta charset=\"UTF-8\">\\n\\","<meta name=\"viewport\" content=\"width=device-width, initial-scale=1\">\\n\\","<title>{{env.npm_package_name}} (v{{env.npm_package_version}})</title>\\n\\","<style>\\n\\","/*csslint\\n\\","    box-sizing: false,\\n\\","    universal-selector: false\\n\\","*/\\n\\","* {\\n\\","    box-sizing: border-box;\\n\\","}\\n\\","body {\\n\\","    background: #dde;\\n\\","    font-family: Arial, Helvetica, sans-serif;\\n\\","    margin: 2rem;\\n\\","}\\n\\","body > * {\\n\\","    margin-bottom: 1rem;\\n\\","}\\n\\",".utility2FooterDiv {\\n\\","    margin-top: 20px;\\n\\","    text-align: center;\\n\\","}\\n\\","</style>\\n\\","<style>\\n\\","/*csslint\\n\\","*/\\n\\","textarea {\\n\\","    font-family: monospace;\\n\\","    height: 10rem;\\n\\","    width: 100%;\\n\\","}\\n\\","textarea[readonly] {\\n\\","    background: #ddd;\\n\\","}\\n\\","</style>\\n\\","</head>\\n\\","<body>\\n\\","<!-- utility2-comment\\n\\","<div id=\"ajaxProgressDiv1\" style=\"background: #d00; height: 2px; left: 0; margin: 0; padding: 0; position: fixed; top: 0; transition: background 0.5s, width 1.5s; width: 25%;\"></div>\\n\\","utility2-comment -->\\n\\","<h1>\\n\\","<!-- utility2-comment\\n\\","    <a\\n\\","        {{#if env.npm_package_homepage}}\\n\\","        href=\"{{env.npm_package_homepage}}\"\\n\\","        {{/if env.npm_package_homepage}}\\n\\","        target=\"_blank\"\\n\\","    >\\n\\","utility2-comment -->\\n\\","        {{env.npm_package_name}} (v{{env.npm_package_version}})\\n\\","<!-- utility2-comment\\n\\","    </a>\\n\\","utility2-comment -->\\n\\","</h1>\\n\\","<h3>{{env.npm_package_description}}</h3>\\n\\","<!-- utility2-comment\\n\\","<h4><a download href=\"assets.app.js\">download standalone app</a></h4>\\n\\","<button class=\"onclick onreset\" id=\"testRunButton1\">run internal test</button><br>\\n\\","<div id=\"testReportDiv1\" style=\"display: none;\"></div>\\n\\","utility2-comment -->\\n\\","\\n\\","\\n\\","\\n\\","<label>stderr and stdout</label>\\n\\","<textarea class=\"resettable\" id=\"outputTextareaStdout1\" readonly></textarea>\\n\\","<!-- utility2-comment\\n\\","{{#if isRollup}}\\n\\","<script src=\"assets.app.js\"></script>\\n\\","{{#unless isRollup}}\\n\\","utility2-comment -->\\n\\","<script src=\"assets.utility2.rollup.js\"></script>\\n\\","<script src=\"jsonp.utility2._stateInit?callback=window.utility2._stateInit\"></script>\\n\\","<script src=\"assets.npmtest_lazy_js.rollup.js\"></script>\\n\\","<script src=\"assets.example.js\"></script>\\n\\","<script src=\"assets.test.js\"></script>\\n\\","<!-- utility2-comment\\n\\","{{/if isRollup}}\\n\\","utility2-comment -->\\n\\","<div class=\"utility2FooterDiv\">\\n\\","    [ this app was created with\\n\\","    <a href=\"https://github.com/kaizhu256/node-utility2\" target=\"_blank\">utility2</a>\\n\\","    ]\\n\\","</div>\\n\\","</body>\\n\\","</html>\\n\\","';","        /* jslint-ignore-end */","        if (local.templateRender) {","            local.assetsDict['/'] = local.templateRender(","                local.assetsDict['/assets.index.template.html'],","                {","                    env: local.objectSetDefault(local.env, {","                        npm_package_description: 'the greatest app in the world!',","                        npm_package_name: 'my-app',","                        npm_package_nameAlias: 'my_app',","                        npm_package_version: '0.0.1'","                    })","                }","            );","        } else {","            local.assetsDict['/'] = local.assetsDict['/assets.index.template.html']","                .replace((/\\{\\{env\\.(\\w+?)\\}\\}/g), function (match0, match1) {","                    // jslint-hack","                    String(match0);","                    switch (match1) {","                    case 'npm_package_description':","                        return 'the greatest app in the world!';","                    case 'npm_package_name':","                        return 'my-app';","                    case 'npm_package_nameAlias':","                        return 'my_app';","                    case 'npm_package_version':","                        return '0.0.1';","                    }","                });","        }","        // run the cli","        if (local.global.utility2_rollup || module !== require.main) {","            break;","        }","        local.assetsDict['/assets.example.js'] =","            local.assetsDict['/assets.example.js'] ||","            local.fs.readFileSync(__filename, 'utf8');","        // bug-workaround - long $npm_package_buildCustomOrg","        /* jslint-ignore-begin */","        local.assetsDict['/assets.npmtest_lazy_js.rollup.js'] =","            local.assetsDict['/assets.npmtest_lazy_js.rollup.js'] ||","            local.fs.readFileSync(","                local.npmtest_lazy_js.__dirname + '/lib.npmtest_lazy_js.js',","                'utf8'","            ).replace((/^#!/), '//');","        /* jslint-ignore-end */","        local.assetsDict['/favicon.ico'] = local.assetsDict['/favicon.ico'] || '';","        // if $npm_config_timeout_exit exists,","        // then exit this process after $npm_config_timeout_exit ms","        if (Number(process.env.npm_config_timeout_exit)) {","            setTimeout(process.exit, Number(process.env.npm_config_timeout_exit));","        }","        // start server","        if (local.global.utility2_serverHttp1) {","            break;","        }","        process.env.PORT = process.env.PORT || '8081';","        console.error('server starting on port ' + process.env.PORT);","        local.http.createServer(function (request, response) {","            request.urlParsed = local.url.parse(request.url);","            if (local.assetsDict[request.urlParsed.pathname] !== undefined) {","                response.end(local.assetsDict[request.urlParsed.pathname]);","                return;","            }","            response.statusCode = 404;","            response.end();","        }).listen(process.env.PORT);","        break;","    }","}());",""],"l":{"26":2,"28":2,"33":2,"35":2,"37":2,"38":2,"39":2,"44":1,"51":2,"55":2,"59":2,"61":2,"69":1,"70":2,"76":2,"79":2,"82":2,"83":2,"85":1,"89":2,"92":1,"93":1,"94":1,"96":1,"97":1,"100":1,"101":1,"103":1,"106":1,"108":2,"114":1,"116":1,"118":1,"123":1,"124":2,"125":2,"126":3,"127":3,"128":3,"129":3,"130":1,"133":3,"134":3,"139":3,"143":1,"144":3,"145":1,"149":1,"150":1,"158":1,"160":1,"161":1,"162":1,"164":1,"166":1,"258":1,"259":1,"271":1,"274":6,"275":6,"277":1,"279":2,"281":1,"283":2,"288":1,"289":1,"291":1,"296":1,"303":1,"306":1,"307":1,"310":1,"311":1,"313":1,"314":1,"315":1,"316":1,"317":1,"318":1,"319":1,"321":1,"322":1,"324":1}},"/home/travis/build/npmtest/node-npmtest-lazy.js/node_modules/lazy.js/lazy.node.js":{"path":"/home/travis/build/npmtest/node-npmtest-lazy.js/node_modules/lazy.js/lazy.node.js","s":{"1":1,"2":1,"3":1,"4":1,"5":1,"6":1,"7":1,"8":1,"9":1,"10":1,"11":1,"12":2,"13":1,"14":1,"15":0,"16":0,"17":1,"18":0,"19":0,"20":0,"21":0,"22":0,"23":0,"24":0,"25":0,"26":0,"27":0,"28":0,"29":0,"30":0,"31":0,"32":0,"33":0,"34":1,"35":0,"36":1,"37":0,"38":0,"39":1,"40":1,"41":0,"42":0,"43":1,"44":0,"45":1,"46":0,"47":0,"48":1,"49":1,"50":0,"51":1,"52":0,"53":1,"54":1,"55":0,"56":1,"57":0,"58":1,"59":0,"60":0,"61":0,"62":0,"63":0,"64":0,"65":0,"66":0,"67":0,"68":1,"69":1,"70":0,"71":0,"72":0,"73":0,"74":0,"75":0,"76":0,"77":0,"78":0,"79":0,"80":1,"81":1,"82":0,"83":0,"84":1},"b":{"1":[1,0],"2":[0,0],"3":[0,0],"4":[0,0],"5":[0,0],"6":[0,0],"7":[1,0],"8":[0,0],"9":[0,0],"10":[0,0],"11":[0,0],"12":[0,0],"13":[1,0],"14":[0,0]},"f":{"1":2,"2":0,"3":0,"4":0,"5":0,"6":0,"7":0,"8":0,"9":0,"10":0,"11":0,"12":0,"13":0,"14":0,"15":0,"16":0,"17":0,"18":0,"19":0,"20":0,"21":0},"fnMap":{"1":{"name":"StreamedSequence","line":22,"loc":{"start":{"line":22,"column":0},"end":{"line":22,"column":34}}},"2":{"name":"(anonymous_2)","line":28,"loc":{"start":{"line":28,"column":40},"end":{"line":28,"column":59}}},"3":{"name":"(anonymous_3)","line":40,"loc":{"start":{"line":40,"column":34},"end":{"line":40,"column":47}}},"4":{"name":"cancel","line":44,"loc":{"start":{"line":44,"column":36},"end":{"line":44,"column":54}}},"5":{"name":"(anonymous_5)","line":46,"loc":{"start":{"line":46,"column":18},"end":{"line":46,"column":35}}},"6":{"name":"(anonymous_6)","line":51,"loc":{"start":{"line":51,"column":19},"end":{"line":51,"column":31}}},"7":{"name":"(anonymous_7)","line":64,"loc":{"start":{"line":64,"column":21},"end":{"line":64,"column":32}}},"8":{"name":"(anonymous_8)","line":78,"loc":{"start":{"line":78,"column":35},"end":{"line":78,"column":46}}},"9":{"name":"FileStreamSequence","line":82,"loc":{"start":{"line":82,"column":0},"end":{"line":82,"column":44}}},"10":{"name":"(anonymous_10)","line":89,"loc":{"start":{"line":89,"column":42},"end":{"line":89,"column":61}}},"11":{"name":"(anonymous_11)","line":103,"loc":{"start":{"line":103,"column":16},"end":{"line":103,"column":41}}},"12":{"name":"HttpStreamSequence","line":107,"loc":{"start":{"line":107,"column":0},"end":{"line":107,"column":43}}},"13":{"name":"(anonymous_13)","line":114,"loc":{"start":{"line":114,"column":42},"end":{"line":114,"column":61}}},"14":{"name":"(anonymous_14)","line":127,"loc":{"start":{"line":127,"column":23},"end":{"line":127,"column":37}}},"15":{"name":"toStream","line":132,"loc":{"start":{"line":132,"column":37},"end":{"line":132,"column":64}}},"16":{"name":"pipe","line":136,"loc":{"start":{"line":136,"column":33},"end":{"line":136,"column":60}}},"17":{"name":"LazyStream","line":140,"loc":{"start":{"line":140,"column":2},"end":{"line":140,"column":41}}},"18":{"name":"(anonymous_18)","line":162,"loc":{"start":{"line":162,"column":31},"end":{"line":162,"column":42}}},"19":{"name":"(anonymous_19)","line":166,"loc":{"start":{"line":166,"column":38},"end":{"line":166,"column":56}}},"20":{"name":"(anonymous_20)","line":173,"loc":{"start":{"line":173,"column":26},"end":{"line":173,"column":37}}},"21":{"name":"(anonymous_21)","line":187,"loc":{"start":{"line":187,"column":21},"end":{"line":187,"column":38}}}},"statementMap":{"1":{"start":{"line":1,"column":0},"end":{"line":1,"column":27}},"2":{"start":{"line":2,"column":0},"end":{"line":2,"column":29}},"3":{"start":{"line":3,"column":0},"end":{"line":3,"column":27}},"4":{"start":{"line":4,"column":0},"end":{"line":4,"column":31}},"5":{"start":{"line":5,"column":0},"end":{"line":5,"column":28}},"6":{"start":{"line":6,"column":0},"end":{"line":6,"column":29}},"7":{"start":{"line":10,"column":0},"end":{"line":10,"column":32}},"8":{"start":{"line":14,"column":0},"end":{"line":14,"column":65}},"9":{"start":{"line":15,"column":0},"end":{"line":17,"column":1}},"10":{"start":{"line":16,"column":2},"end":{"line":16,"column":40}},"11":{"start":{"line":22,"column":0},"end":{"line":24,"column":1}},"12":{"start":{"line":23,"column":2},"end":{"line":23,"column":23}},"13":{"start":{"line":26,"column":0},"end":{"line":26,"column":59}},"14":{"start":{"line":28,"column":0},"end":{"line":31,"column":2}},"15":{"start":{"line":29,"column":2},"end":{"line":29,"column":23}},"16":{"start":{"line":30,"column":2},"end":{"line":30,"column":24}},"17":{"start":{"line":40,"column":0},"end":{"line":70,"column":2}},"18":{"start":{"line":41,"column":2},"end":{"line":42,"column":31}},"19":{"start":{"line":44,"column":2},"end":{"line":44,"column":77}},"20":{"start":{"line":44,"column":56},"end":{"line":44,"column":73}},"21":{"start":{"line":46,"column":2},"end":{"line":67,"column":5}},"22":{"start":{"line":47,"column":4},"end":{"line":49,"column":5}},"23":{"start":{"line":48,"column":6},"end":{"line":48,"column":45}},"24":{"start":{"line":51,"column":4},"end":{"line":60,"column":6}},"25":{"start":{"line":52,"column":6},"end":{"line":59,"column":7}},"26":{"start":{"line":53,"column":8},"end":{"line":56,"column":9}},"27":{"start":{"line":54,"column":10},"end":{"line":54,"column":50}},"28":{"start":{"line":55,"column":10},"end":{"line":55,"column":33}},"29":{"start":{"line":58,"column":8},"end":{"line":58,"column":26}},"30":{"start":{"line":62,"column":4},"end":{"line":62,"column":32}},"31":{"start":{"line":64,"column":4},"end":{"line":66,"column":7}},"32":{"start":{"line":65,"column":6},"end":{"line":65,"column":28}},"33":{"start":{"line":69,"column":2},"end":{"line":69,"column":16}},"34":{"start":{"line":78,"column":0},"end":{"line":80,"column":2}},"35":{"start":{"line":79,"column":2},"end":{"line":79,"column":36}},"36":{"start":{"line":82,"column":0},"end":{"line":85,"column":1}},"37":{"start":{"line":83,"column":2},"end":{"line":83,"column":19}},"38":{"start":{"line":84,"column":2},"end":{"line":84,"column":27}},"39":{"start":{"line":87,"column":0},"end":{"line":87,"column":54}},"40":{"start":{"line":89,"column":0},"end":{"line":92,"column":2}},"41":{"start":{"line":90,"column":2},"end":{"line":90,"column":67}},"42":{"start":{"line":91,"column":2},"end":{"line":91,"column":19}},"43":{"start":{"line":103,"column":0},"end":{"line":105,"column":2}},"44":{"start":{"line":104,"column":2},"end":{"line":104,"column":48}},"45":{"start":{"line":107,"column":0},"end":{"line":110,"column":1}},"46":{"start":{"line":108,"column":2},"end":{"line":108,"column":17}},"47":{"start":{"line":109,"column":2},"end":{"line":109,"column":27}},"48":{"start":{"line":112,"column":0},"end":{"line":112,"column":54}},"49":{"start":{"line":114,"column":0},"end":{"line":116,"column":2}},"50":{"start":{"line":115,"column":2},"end":{"line":115,"column":42}},"51":{"start":{"line":127,"column":0},"end":{"line":129,"column":2}},"52":{"start":{"line":128,"column":2},"end":{"line":128,"column":37}},"53":{"start":{"line":131,"column":0},"end":{"line":180,"column":1}},"54":{"start":{"line":132,"column":2},"end":{"line":134,"column":4}},"55":{"start":{"line":133,"column":4},"end":{"line":133,"column":41}},"56":{"start":{"line":136,"column":2},"end":{"line":138,"column":4}},"57":{"start":{"line":137,"column":4},"end":{"line":137,"column":38}},"58":{"start":{"line":140,"column":2},"end":{"line":158,"column":3}},"59":{"start":{"line":141,"column":4},"end":{"line":143,"column":18}},"60":{"start":{"line":145,"column":4},"end":{"line":145,"column":40}},"61":{"start":{"line":147,"column":4},"end":{"line":147,"column":29}},"62":{"start":{"line":148,"column":4},"end":{"line":148,"column":26}},"63":{"start":{"line":151,"column":4},"end":{"line":157,"column":5}},"64":{"start":{"line":152,"column":6},"end":{"line":155,"column":7}},"65":{"start":{"line":153,"column":8},"end":{"line":153,"column":44}},"66":{"start":{"line":154,"column":8},"end":{"line":154,"column":14}},"67":{"start":{"line":156,"column":6},"end":{"line":156,"column":33}},"68":{"start":{"line":160,"column":2},"end":{"line":160,"column":45}},"69":{"start":{"line":162,"column":2},"end":{"line":179,"column":4}},"70":{"start":{"line":163,"column":4},"end":{"line":163,"column":20}},"71":{"start":{"line":165,"column":4},"end":{"line":178,"column":5}},"72":{"start":{"line":166,"column":6},"end":{"line":171,"column":9}},"73":{"start":{"line":167,"column":8},"end":{"line":169,"column":9}},"74":{"start":{"line":168,"column":10},"end":{"line":168,"column":33}},"75":{"start":{"line":170,"column":8},"end":{"line":170,"column":34}},"76":{"start":{"line":172,"column":6},"end":{"line":176,"column":7}},"77":{"start":{"line":173,"column":8},"end":{"line":175,"column":11}},"78":{"start":{"line":174,"column":10},"end":{"line":174,"column":26}},"79":{"start":{"line":177,"column":6},"end":{"line":177,"column":26}},"80":{"start":{"line":185,"column":0},"end":{"line":185,"column":42}},"81":{"start":{"line":187,"column":0},"end":{"line":191,"column":3}},"82":{"start":{"line":188,"column":2},"end":{"line":190,"column":3}},"83":{"start":{"line":189,"column":4},"end":{"line":189,"column":40}},"84":{"start":{"line":193,"column":0},"end":{"line":193,"column":22}}},"branchMap":{"1":{"line":15,"type":"if","locations":[{"start":{"line":15,"column":0},"end":{"line":15,"column":0}},{"start":{"line":15,"column":0},"end":{"line":15,"column":0}}]},"2":{"line":47,"type":"if","locations":[{"start":{"line":47,"column":4},"end":{"line":47,"column":4}},{"start":{"line":47,"column":4},"end":{"line":47,"column":4}}]},"3":{"line":48,"type":"binary-expr","locations":[{"start":{"line":48,"column":25},"end":{"line":48,"column":33}},{"start":{"line":48,"column":37},"end":{"line":48,"column":43}}]},"4":{"line":53,"type":"if","locations":[{"start":{"line":53,"column":8},"end":{"line":53,"column":8}},{"start":{"line":53,"column":8},"end":{"line":53,"column":8}}]},"5":{"line":53,"type":"binary-expr","locations":[{"start":{"line":53,"column":12},"end":{"line":53,"column":21}},{"start":{"line":53,"column":25},"end":{"line":53,"column":40}}]},"6":{"line":79,"type":"binary-expr","locations":[{"start":{"line":79,"column":20},"end":{"line":79,"column":26}},{"start":{"line":79,"column":30},"end":{"line":79,"column":34}}]},"7":{"line":131,"type":"if","locations":[{"start":{"line":131,"column":0},"end":{"line":131,"column":0}},{"start":{"line":131,"column":0},"end":{"line":131,"column":0}}]},"8":{"line":141,"type":"binary-expr","locations":[{"start":{"line":141,"column":19},"end":{"line":141,"column":26}},{"start":{"line":141,"column":30},"end":{"line":141,"column":32}}]},"9":{"line":152,"type":"if","locations":[{"start":{"line":152,"column":6},"end":{"line":152,"column":6}},{"start":{"line":152,"column":6},"end":{"line":152,"column":6}}]},"10":{"line":165,"type":"if","locations":[{"start":{"line":165,"column":4},"end":{"line":165,"column":4}},{"start":{"line":165,"column":4},"end":{"line":165,"column":4}}]},"11":{"line":167,"type":"if","locations":[{"start":{"line":167,"column":8},"end":{"line":167,"column":8}},{"start":{"line":167,"column":8},"end":{"line":167,"column":8}}]},"12":{"line":172,"type":"if","locations":[{"start":{"line":172,"column":6},"end":{"line":172,"column":6}},{"start":{"line":172,"column":6},"end":{"line":172,"column":6}}]},"13":{"line":185,"type":"binary-expr","locations":[{"start":{"line":185,"column":0},"end":{"line":185,"column":15}},{"start":{"line":185,"column":20},"end":{"line":185,"column":40}}]},"14":{"line":188,"type":"if","locations":[{"start":{"line":188,"column":2},"end":{"line":188,"column":2}},{"start":{"line":188,"column":2},"end":{"line":188,"column":2}}]}},"code":["var fs     = require(\"fs\");","var http   = require(\"http\");","var os     = require(\"os\");","var Stream = require(\"stream\");","var URL    = require(\"url\");","var util   = require(\"util\");","","// The starting point is everything that works in any environment (browser OR","// Node.js).","var Lazy = require(\"./lazy.js\");","","// Check if ES6 features are supported and, if so, include ES6-specific Lazy.js","// features.","var isHarmonySupported = require('./util.js').isHarmonySupported;","if (isHarmonySupported()) {","  require('./experimental/lazy.es6.js');","}","","/**"," * @constructor"," */","function StreamedSequence(stream) {","  this.stream = stream;","}","","StreamedSequence.prototype = new Lazy.StreamLikeSequence();","","StreamedSequence.prototype.openStream = function(callback) {","  this.stream.resume();","  callback(this.stream);","};","","/**"," * Handles every chunk of data in this sequence."," *"," * @param {function(string):*} fn The function to call on each chunk of data as"," *     it's read from the stream. Return false from the function to stop reading"," *     the stream."," */","StreamedSequence.prototype.each = function(fn) {","  var cancelled = false,","      encoding = this.encoding;","","  var handle = new Lazy.AsyncHandle(function cancel() { cancelled = true; });","","  this.openStream(function(stream) {","    if (stream.setEncoding) {","      stream.setEncoding(encoding || 'utf8');","    }","","    var listener = function(e) {","      try {","        if (cancelled || fn(e) === false) {","          stream.removeListener(\"data\", listener);","          handle._resolve(false);","        }","      } catch (e) {","        handle._reject(e);","      }","    };","","    stream.on(\"data\", listener);","","    stream.on(\"end\", function() {","      handle._resolve(true);","    });","  });","","  return handle;","};","","/**"," * Creates a {@link Sequence} of lines as they are read from a file."," *"," * @return {Sequence} A sequence comprising the lines in the underlying file, as"," *     they are read."," */","StreamedSequence.prototype.lines = function() {","  return this.split(os.EOL || \"\\n\");","};","","function FileStreamSequence(path, encoding) {","  this.path = path;","  this.encoding = encoding;","}","","FileStreamSequence.prototype = new StreamedSequence();","","FileStreamSequence.prototype.openStream = function(callback) {","  var stream = fs.createReadStream(this.path, { autoClose: true });","  callback(stream);","};","","/**"," * Creates a {@link Sequence} from a file stream, whose elements are chunks of"," * data as the stream is read. This is an {@link AsyncSequence}, so methods such"," * as {@link Sequence#reduce} return an {@link AsyncHandle} rather than a value."," *"," * @param {string} path A path to a file."," * @param {string} encoding The text encoding of the file (e.g., \"utf-8\")."," * @return {Sequence} The streamed sequence."," */","Lazy.readFile = function(path, encoding) {","  return new FileStreamSequence(path, encoding);","};","","function HttpStreamSequence(url, encoding) {","  this.url = url;","  this.encoding = encoding;","}","","HttpStreamSequence.prototype = new StreamedSequence();","","HttpStreamSequence.prototype.openStream = function(callback) {","  http.get(URL.parse(this.url), callback);","};","","/**"," * Creates a {@link Sequence} from an HTTP stream, whose elements are chunks of"," * data as the stream is read. This sequence works asynchronously, so"," * synchronous methods such as {@code indexOf}, {@code any}, and {@code toArray}"," * won't work."," *"," * @param {string} url The URL for the HTTP request."," * @return {Sequence} The streamed sequence."," */","Lazy.makeHttpRequest = function(url) {","  return new HttpStreamSequence(url);","};","","if (typeof Stream.Readable !== \"undefined\") {","  Lazy.Sequence.prototype.toStream = function toStream(options) {","    return new LazyStream(this, options);","  };","","  Lazy.Sequence.prototype.pipe = function pipe(destination) {","    this.toStream().pipe(destination);","  };","","  function LazyStream(sequence, options) {","    options = Lazy(options || {})","      .extend({ objectMode: true })","      .toObject();","","    Stream.Readable.call(this, options);","","    this.sequence = sequence;","    this.started  = false;","    ","    // Find delimiter on a (parent) sequence object if set","    while (sequence) {","      if (sequence.delimiter) {","        this.delimiter = sequence.delimiter;","        break;","      }","      sequence = sequence.parent;","    }","  }","","  util.inherits(LazyStream, Stream.Readable);","","  LazyStream.prototype._read = function() {","    var self = this;","","    if (!this.started) {","      var handle = this.sequence.each(function(line, i) {","        if (self.delimiter != null) {","          line += self.delimiter;","        }","        return self.push(line, i);","      });","      if (handle instanceof Lazy.AsyncHandle) {","        handle.onComplete(function() {","          self.push(null);","        });","      }","      this.started = true;","    }","  };","}","","/*"," * Add support for `Lazy(Stream)`."," */","Lazy.extensions || (Lazy.extensions = []);","","Lazy.extensions.push(function(source) {","  if (source instanceof Stream) {","    return new StreamedSequence(source);","  }","});","","module.exports = Lazy;",""],"l":{"1":1,"2":1,"3":1,"4":1,"5":1,"6":1,"10":1,"14":1,"15":1,"16":1,"22":1,"23":2,"26":1,"28":1,"29":0,"30":0,"40":1,"41":0,"44":0,"46":0,"47":0,"48":0,"51":0,"52":0,"53":0,"54":0,"55":0,"58":0,"62":0,"64":0,"65":0,"69":0,"78":1,"79":0,"82":1,"83":0,"84":0,"87":1,"89":1,"90":0,"91":0,"103":1,"104":0,"107":1,"108":0,"109":0,"112":1,"114":1,"115":0,"127":1,"128":0,"131":1,"132":1,"133":0,"136":1,"137":0,"140":1,"141":0,"145":0,"147":0,"148":0,"151":0,"152":0,"153":0,"154":0,"156":0,"160":1,"162":1,"163":0,"165":0,"166":0,"167":0,"168":0,"170":0,"172":0,"173":0,"174":0,"177":0,"185":1,"187":1,"188":0,"189":0,"193":1}},"/home/travis/build/npmtest/node-npmtest-lazy.js/node_modules/lazy.js/lazy.js":{"path":"/home/travis/build/npmtest/node-npmtest-lazy.js/node_modules/lazy.js/lazy.js","s":{"1":1,"2":1,"3":0,"4":1,"5":1,"6":0,"7":1,"8":0,"9":0,"10":0,"11":0,"12":0,"13":0,"14":0,"15":0,"16":0,"17":0,"18":0,"19":0,"20":0,"21":1,"22":1,"23":1,"24":0,"25":1,"26":1,"27":0,"28":0,"29":0,"30":0,"31":0,"32":0,"33":0,"34":0,"35":1,"36":1,"37":0,"38":0,"39":0,"40":1,"41":0,"42":1,"43":0,"44":1,"45":0,"46":1,"47":0,"48":1,"49":0,"50":1,"51":0,"52":0,"53":0,"54":0,"55":0,"56":0,"57":1,"58":0,"59":0,"60":1,"61":0,"62":1,"63":0,"64":0,"65":0,"66":0,"67":0,"68":0,"69":0,"70":1,"71":0,"72":0,"73":0,"74":1,"75":0,"76":1,"77":0,"78":0,"79":0,"80":0,"81":0,"82":0,"83":1,"84":0,"85":1,"86":0,"87":0,"88":0,"89":0,"90":1,"91":0,"92":0,"93":0,"94":1,"95":0,"96":0,"97":0,"98":0,"99":0,"100":1,"101":0,"102":1,"103":0,"104":1,"105":0,"106":1,"107":0,"108":0,"109":1,"110":1,"111":0,"112":1,"113":0,"114":0,"115":0,"116":1,"117":0,"118":0,"119":0,"120":1,"121":0,"122":1,"123":0,"124":0,"125":0,"126":0,"127":1,"128":0,"129":1,"130":0,"131":0,"132":1,"133":0,"134":1,"135":0,"136":1,"137":2,"138":2,"139":1,"140":1,"141":0,"142":1,"143":0,"144":0,"145":0,"146":0,"147":1,"148":0,"149":1,"150":0,"151":0,"152":0,"153":1,"154":0,"155":1,"156":0,"157":0,"158":0,"159":0,"160":0,"161":0,"162":0,"163":0,"164":1,"165":0,"166":0,"167":0,"168":1,"169":0,"170":0,"171":1,"172":0,"173":1,"174":0,"175":1,"176":0,"177":1,"178":1,"179":0,"180":1,"181":0,"182":1,"183":0,"184":1,"185":0,"186":0,"187":0,"188":0,"189":1,"190":0,"191":0,"192":0,"193":1,"194":0,"195":1,"196":0,"197":0,"198":1,"199":1,"200":0,"201":0,"202":0,"203":0,"204":0,"205":0,"206":0,"207":0,"208":0,"209":1,"210":0,"211":0,"212":0,"213":1,"214":0,"215":1,"216":0,"217":0,"218":1,"219":1,"220":0,"221":1,"222":0,"223":0,"224":0,"225":0,"226":0,"227":0,"228":0,"229":0,"230":0,"231":0,"232":0,"233":1,"234":0,"235":0,"236":1,"237":0,"238":1,"239":0,"240":1,"241":0,"242":1,"243":0,"244":0,"245":1,"246":1,"247":0,"248":0,"249":0,"250":0,"251":0,"252":0,"253":0,"254":0,"255":0,"256":1,"257":0,"258":1,"259":0,"260":0,"261":1,"262":1,"263":0,"264":0,"265":1,"266":0,"267":0,"268":0,"269":1,"270":0,"271":1,"272":0,"273":1,"274":0,"275":1,"276":0,"277":0,"278":1,"279":1,"280":0,"281":0,"282":0,"283":0,"284":0,"285":1,"286":0,"287":1,"288":0,"289":1,"290":0,"291":0,"292":1,"293":1,"294":0,"295":0,"296":0,"297":0,"298":0,"299":0,"300":0,"301":1,"302":0,"303":0,"304":0,"305":0,"306":1,"307":0,"308":0,"309":0,"310":0,"311":1,"312":0,"313":0,"314":1,"315":1,"316":0,"317":0,"318":0,"319":1,"320":0,"321":1,"322":0,"323":1,"324":0,"325":0,"326":0,"327":1,"328":0,"329":1,"330":0,"331":0,"332":0,"333":1,"334":0,"335":1,"336":0,"337":0,"338":1,"339":0,"340":1,"341":0,"342":1,"343":0,"344":0,"345":1,"346":1,"347":0,"348":0,"349":0,"350":0,"351":0,"352":0,"353":0,"354":0,"355":0,"356":1,"357":0,"358":0,"359":0,"360":1,"361":0,"362":0,"363":1,"364":1,"365":0,"366":0,"367":0,"368":0,"369":0,"370":0,"371":0,"372":0,"373":0,"374":0,"375":0,"376":0,"377":0,"378":0,"379":0,"380":0,"381":0,"382":0,"383":0,"384":1,"385":0,"386":1,"387":0,"388":1,"389":1,"390":0,"391":0,"392":0,"393":0,"394":0,"395":0,"396":0,"397":0,"398":1,"399":0,"400":1,"401":0,"402":1,"403":1,"404":0,"405":0,"406":0,"407":0,"408":0,"409":0,"410":0,"411":1,"412":0,"413":0,"414":1,"415":0,"416":1,"417":0,"418":1,"419":0,"420":0,"421":1,"422":1,"423":0,"424":0,"425":0,"426":0,"427":1,"428":0,"429":1,"430":0,"431":0,"432":0,"433":1,"434":0,"435":0,"436":1,"437":1,"438":0,"439":0,"440":0,"441":0,"442":0,"443":0,"444":0,"445":0,"446":0,"447":0,"448":0,"449":1,"450":0,"451":0,"452":0,"453":0,"454":1,"455":0,"456":1,"457":0,"458":0,"459":0,"460":0,"461":0,"462":0,"463":0,"464":0,"465":1,"466":0,"467":0,"468":0,"469":0,"470":1,"471":0,"472":1,"473":0,"474":0,"475":0,"476":0,"477":0,"478":0,"479":0,"480":0,"481":1,"482":0,"483":0,"484":0,"485":0,"486":0,"487":0,"488":0,"489":1,"490":0,"491":0,"492":0,"493":0,"494":0,"495":0,"496":1,"497":0,"498":0,"499":0,"500":1,"501":0,"502":1,"503":0,"504":0,"505":0,"506":0,"507":0,"508":0,"509":0,"510":1,"511":0,"512":1,"513":0,"514":1,"515":0,"516":1,"517":0,"518":0,"519":0,"520":0,"521":0,"522":0,"523":1,"524":0,"525":0,"526":0,"527":0,"528":1,"529":0,"530":0,"531":0,"532":0,"533":0,"534":0,"535":0,"536":1,"537":0,"538":1,"539":0,"540":0,"541":0,"542":0,"543":0,"544":0,"545":0,"546":0,"547":1,"548":0,"549":1,"550":0,"551":0,"552":0,"553":0,"554":0,"555":1,"556":0,"557":1,"558":0,"559":0,"560":0,"561":0,"562":0,"563":1,"564":0,"565":0,"566":0,"567":1,"568":0,"569":0,"570":1,"571":1,"572":0,"573":1,"574":0,"575":0,"576":1,"577":0,"578":1,"579":0,"580":0,"581":0,"582":0,"583":0,"584":0,"585":0,"586":1,"587":0,"588":1,"589":0,"590":0,"591":1,"592":1,"593":0,"594":0,"595":0,"596":0,"597":1,"598":0,"599":1,"600":0,"601":1,"602":0,"603":0,"604":0,"605":0,"606":0,"607":0,"608":1,"609":0,"610":0,"611":0,"612":1,"613":0,"614":0,"615":0,"616":0,"617":0,"618":0,"619":1,"620":0,"621":0,"622":0,"623":1,"624":0,"625":0,"626":0,"627":0,"628":1,"629":0,"630":0,"631":0,"632":1,"633":0,"634":0,"635":0,"636":0,"637":0,"638":1,"639":0,"640":1,"641":0,"642":1,"643":0,"644":0,"645":0,"646":1,"647":1,"648":0,"649":0,"650":0,"651":0,"652":1,"653":0,"654":0,"655":0,"656":0,"657":1,"658":0,"659":0,"660":0,"661":1,"662":0,"663":0,"664":1,"665":1,"666":0,"667":0,"668":0,"669":0,"670":0,"671":0,"672":0,"673":0,"674":0,"675":0,"676":1,"677":1,"678":1,"679":0,"680":0,"681":0,"682":1,"683":0,"684":1,"685":0,"686":1,"687":0,"688":1,"689":0,"690":1,"691":0,"692":0,"693":1,"694":0,"695":1,"696":0,"697":0,"698":0,"699":0,"700":1,"701":0,"702":0,"703":0,"704":0,"705":0,"706":1,"707":0,"708":1,"709":0,"710":1,"711":0,"712":1,"713":0,"714":1,"715":0,"716":0,"717":0,"718":0,"719":0,"720":0,"721":0,"722":0,"723":0,"724":1,"725":0,"726":1,"727":0,"728":0,"729":1,"730":1,"731":0,"732":0,"733":0,"734":1,"735":0,"736":1,"737":0,"738":0,"739":1,"740":1,"741":0,"742":0,"743":0,"744":0,"745":0,"746":0,"747":1,"748":0,"749":1,"750":0,"751":1,"752":1,"753":0,"754":1,"755":0,"756":0,"757":0,"758":1,"759":0,"760":0,"761":1,"762":1,"763":0,"764":0,"765":1,"766":0,"767":1,"768":0,"769":0,"770":1,"771":1,"772":0,"773":1,"774":0,"775":0,"776":1,"777":0,"778":0,"779":0,"780":1,"781":0,"782":0,"783":1,"784":1,"785":0,"786":0,"787":0,"788":0,"789":1,"790":0,"791":1,"792":0,"793":1,"794":0,"795":0,"796":0,"797":1,"798":1,"799":0,"800":0,"801":0,"802":0,"803":0,"804":0,"805":0,"806":0,"807":1,"808":1,"809":0,"810":0,"811":0,"812":1,"813":1,"814":0,"815":0,"816":0,"817":1,"818":0,"819":1,"820":0,"821":0,"822":0,"823":0,"824":0,"825":0,"826":0,"827":1,"828":0,"829":0,"830":0,"831":0,"832":0,"833":0,"834":1,"835":0,"836":0,"837":0,"838":1,"839":0,"840":0,"841":0,"842":1,"843":0,"844":0,"845":0,"846":1,"847":0,"848":1,"849":1,"850":0,"851":1,"852":0,"853":1,"854":0,"855":1,"856":0,"857":1,"858":0,"859":1,"860":0,"861":1,"862":0,"863":1,"864":0,"865":1,"866":0,"867":0,"868":0,"869":1,"870":0,"871":1,"872":0,"873":0,"874":1,"875":1,"876":0,"877":0,"878":0,"879":0,"880":1,"881":0,"882":1,"883":0,"884":0,"885":0,"886":0,"887":0,"888":1,"889":0,"890":0,"891":1,"892":1,"893":0,"894":0,"895":0,"896":0,"897":0,"898":0,"899":1,"900":0,"901":0,"902":0,"903":1,"904":1,"905":0,"906":0,"907":0,"908":0,"909":0,"910":0,"911":1,"912":0,"913":0,"914":0,"915":0,"916":0,"917":0,"918":0,"919":0,"920":0,"921":0,"922":0,"923":0,"924":0,"925":0,"926":0,"927":0,"928":0,"929":1,"930":1,"931":0,"932":0,"933":0,"934":0,"935":0,"936":1,"937":0,"938":0,"939":1,"940":1,"941":0,"942":0,"943":0,"944":0,"945":1,"946":0,"947":1,"948":0,"949":0,"950":0,"951":0,"952":0,"953":0,"954":0,"955":0,"956":0,"957":1,"958":1,"959":1,"960":0,"961":0,"962":0,"963":1,"964":0,"965":1,"966":0,"967":0,"968":0,"969":1,"970":0,"971":1,"972":0,"973":1,"974":1,"975":0,"976":0,"977":0,"978":1,"979":0,"980":1,"981":0,"982":1,"983":1,"984":0,"985":0,"986":0,"987":1,"988":0,"989":1,"990":0,"991":1,"992":0,"993":0,"994":1,"995":1,"996":0,"997":0,"998":0,"999":0,"1000":1,"1001":0,"1002":1,"1003":0,"1004":1,"1005":0,"1006":1,"1007":0,"1008":0,"1009":1,"1010":1,"1011":0,"1012":1,"1013":0,"1014":0,"1015":0,"1016":0,"1017":0,"1018":0,"1019":0,"1020":0,"1021":0,"1022":0,"1023":1,"1024":0,"1025":1,"1026":0,"1027":0,"1028":1,"1029":1,"1030":0,"1031":0,"1032":1,"1033":0,"1034":0,"1035":0,"1036":0,"1037":0,"1038":0,"1039":0,"1040":0,"1041":0,"1042":0,"1043":0,"1044":1,"1045":0,"1046":1,"1047":0,"1048":1,"1049":1,"1050":0,"1051":0,"1052":1,"1053":0,"1054":0,"1055":1,"1056":0,"1057":0,"1058":0,"1059":1,"1060":1,"1061":0,"1062":0,"1063":0,"1064":0,"1065":0,"1066":0,"1067":0,"1068":0,"1069":0,"1070":0,"1071":0,"1072":0,"1073":0,"1074":0,"1075":0,"1076":0,"1077":1,"1078":0,"1079":0,"1080":0,"1081":0,"1082":0,"1083":0,"1084":0,"1085":0,"1086":0,"1087":0,"1088":0,"1089":0,"1090":0,"1091":0,"1092":1,"1093":0,"1094":1,"1095":0,"1096":0,"1097":0,"1098":1,"1099":0,"1100":1,"1101":0,"1102":1,"1103":0,"1104":0,"1105":1,"1106":1,"1107":0,"1108":1,"1109":0,"1110":0,"1111":0,"1112":0,"1113":1,"1114":0,"1115":1,"1116":0,"1117":0,"1118":1,"1119":1,"1120":0,"1121":1,"1122":0,"1123":0,"1124":0,"1125":0,"1126":1,"1127":0,"1128":0,"1129":1,"1130":0,"1131":1,"1132":0,"1133":0,"1134":0,"1135":1,"1136":1,"1137":0,"1138":0,"1139":0,"1140":0,"1141":0,"1142":0,"1143":0,"1144":0,"1145":0,"1146":0,"1147":0,"1148":0,"1149":1,"1150":1,"1151":0,"1152":0,"1153":0,"1154":0,"1155":0,"1156":0,"1157":1,"1158":1,"1159":0,"1160":0,"1161":0,"1162":0,"1163":0,"1164":0,"1165":0,"1166":0,"1167":0,"1168":0,"1169":1,"1170":0,"1171":1,"1172":0,"1173":1,"1174":1,"1175":0,"1176":1,"1177":0,"1178":1,"1179":0,"1180":1,"1181":0,"1182":0,"1183":0,"1184":0,"1185":0,"1186":0,"1187":1,"1188":1,"1189":1,"1190":0,"1191":0,"1192":0,"1193":1,"1194":0,"1195":1,"1196":0,"1197":1,"1198":0,"1199":0,"1200":1,"1201":0,"1202":1,"1203":0,"1204":1,"1205":0,"1206":1,"1207":0,"1208":0,"1209":0,"1210":0,"1211":1,"1212":0,"1213":1,"1214":0,"1215":0,"1216":0,"1217":1,"1218":1,"1219":0,"1220":1,"1221":0,"1222":1,"1223":0,"1224":0,"1225":0,"1226":1,"1227":0,"1228":0,"1229":0,"1230":1,"1231":0,"1232":1,"1233":0,"1234":1,"1235":0,"1236":1,"1237":0,"1238":1,"1239":0,"1240":1,"1241":0,"1242":1,"1243":0,"1244":0,"1245":1,"1246":0,"1247":0,"1248":1,"1249":0,"1250":1,"1251":0,"1252":0,"1253":1,"1254":1,"1255":1,"1256":1,"1257":0,"1258":1,"1259":0,"1260":1,"1261":1,"1262":1,"1263":1,"1264":0,"1265":1,"1266":0,"1267":1,"1268":0,"1269":0,"1270":1,"1271":1,"1272":0,"1273":1,"1274":0,"1275":0,"1276":1,"1277":0,"1278":1,"1279":0,"1280":1,"1281":0,"1282":1,"1283":0,"1284":0,"1285":1,"1286":1,"1287":0,"1288":0,"1289":0,"1290":0,"1291":0,"1292":0,"1293":0,"1294":0,"1295":1,"1296":0,"1297":0,"1298":1,"1299":0,"1300":1,"1301":0,"1302":0,"1303":0,"1304":0,"1305":0,"1306":0,"1307":0,"1308":0,"1309":0,"1310":0,"1311":0,"1312":0,"1313":0,"1314":0,"1315":0,"1316":1,"1317":0,"1318":0,"1319":1,"1320":0,"1321":1,"1322":0,"1323":0,"1324":0,"1325":0,"1326":0,"1327":0,"1328":0,"1329":0,"1330":1,"1331":0,"1332":1,"1333":1,"1334":0,"1335":1,"1336":0,"1337":1,"1338":0,"1339":1,"1340":0,"1341":1,"1342":0,"1343":1,"1344":0,"1345":0,"1346":1,"1347":1,"1348":0,"1349":1,"1350":0,"1351":1,"1352":0,"1353":0,"1354":0,"1355":0,"1356":0,"1357":1,"1358":0,"1359":1,"1360":0,"1361":0,"1362":0,"1363":1,"1364":0,"1365":1,"1366":0,"1367":0,"1368":0,"1369":0,"1370":0,"1371":1,"1372":3,"1373":0,"1374":3,"1375":3,"1376":3,"1377":3,"1378":1,"1379":1,"1380":0,"1381":1,"1382":0,"1383":1,"1384":0,"1385":0,"1386":0,"1387":0,"1388":0,"1389":0,"1390":0,"1391":0,"1392":0,"1393":0,"1394":0,"1395":0,"1396":1,"1397":0,"1398":0,"1399":0,"1400":0,"1401":1,"1402":1,"1403":0,"1404":0,"1405":0,"1406":0,"1407":0,"1408":0,"1409":0,"1410":0,"1411":0,"1412":0,"1413":0,"1414":0,"1415":0,"1416":0,"1417":0,"1418":0,"1419":0,"1420":0,"1421":0,"1422":0,"1423":1,"1424":0,"1425":0,"1426":0,"1427":0,"1428":0,"1429":0,"1430":1,"1431":0,"1432":0,"1433":0,"1434":0,"1435":0,"1436":0,"1437":1,"1438":0,"1439":0,"1440":0,"1441":0,"1442":1,"1443":0,"1444":0,"1445":1,"1446":0,"1447":0,"1448":1,"1449":0,"1450":0,"1451":0,"1452":0,"1453":0,"1454":0,"1455":0,"1456":0,"1457":0,"1458":0,"1459":0,"1460":0,"1461":0,"1462":0,"1463":0,"1464":0,"1465":0,"1466":0,"1467":0,"1468":0,"1469":0,"1470":0,"1471":0,"1472":0,"1473":0,"1474":0,"1475":0,"1476":0,"1477":0,"1478":0,"
[...]
column":2},"end":{"line":18,"column":63}},"9":{"start":{"line":21,"column":2},"end":{"line":21,"column":38}},"10":{"start":{"line":24,"column":0},"end":{"line":26,"column":1}},"11":{"start":{"line":25,"column":2},"end":{"line":25,"column":11}},"12":{"start":{"line":28,"column":0},"end":{"line":30,"column":1}},"13":{"start":{"line":29,"column":2},"end":{"line":29,"column":15}},"14":{"start":{"line":32,"column":0},"end":{"line":34,"column":1}},"15":{"start":{"line":33,"column":2},"end":{"line":33,"column":21}},"16":{"start":{"line":36,"column":0},"end":{"line":38,"column":1}},"17":{"start":{"line":37,"column":2},"end":{"line":37,"column":36}},"18":{"start":{"line":40,"column":0},"end":{"line":42,"column":1}},"19":{"start":{"line":41,"column":2},"end":{"line":41,"column":55}},"20":{"start":{"line":44,"column":0},"end":{"line":50,"column":1}},"21":{"start":{"line":45,"column":2},"end":{"line":47,"column":4}},"22":{"start":{"line":46,"column":4},"end":{"line":46,"column":34}},"23":{"start":{"line":49,"column":2},"end":{"line":49,"column":57}},"24":{"start":{"line":52,"column":0},"end":{"line":54,"column":1}},"25":{"start":{"line":53,"column":2},"end":{"line":53,"column":52}},"26":{"start":{"line":56,"column":0},"end":{"line":58,"column":1}},"27":{"start":{"line":57,"column":2},"end":{"line":57,"column":58}},"28":{"start":{"line":60,"column":0},"end":{"line":78,"column":1}},"29":{"start":{"line":61,"column":2},"end":{"line":77,"column":4}},"30":{"start":{"line":80,"column":0},"end":{"line":97,"column":1}},"31":{"start":{"line":81,"column":2},"end":{"line":96,"column":4}},"32":{"start":{"line":99,"column":0},"end":{"line":101,"column":1}},"33":{"start":{"line":100,"column":2},"end":{"line":100,"column":51}},"34":{"start":{"line":103,"column":0},"end":{"line":113,"column":1}},"35":{"start":{"line":104,"column":2},"end":{"line":110,"column":3}},"36":{"start":{"line":105,"column":4},"end":{"line":107,"column":5}},"37":{"start":{"line":106,"column":6},"end":{"line":106,"column":29}},"38":{"start":{"line":109,"column":4},"end":{"line":109,"column":28}},"39":{"start":{"line":112,"column":2},"end":{"line":112,"column":15}},"40":{"start":{"line":115,"column":0},"end":{"line":120,"column":1}},"41":{"start":{"line":116,"column":2},"end":{"line":116,"column":29}},"42":{"start":{"line":117,"column":2},"end":{"line":117,"column":29}},"43":{"start":{"line":119,"column":2},"end":{"line":119,"column":28}},"44":{"start":{"line":122,"column":0},"end":{"line":127,"column":1}},"45":{"start":{"line":123,"column":2},"end":{"line":123,"column":41}},"46":{"start":{"line":124,"column":2},"end":{"line":124,"column":41}},"47":{"start":{"line":126,"column":2},"end":{"line":126,"column":28}},"48":{"start":{"line":129,"column":0},"end":{"line":129,"column":35}},"49":{"start":{"line":131,"column":0},"end":{"line":137,"column":1}},"50":{"start":{"line":132,"column":2},"end":{"line":136,"column":4}},"51":{"start":{"line":133,"column":4},"end":{"line":133,"column":51}},"52":{"start":{"line":134,"column":4},"end":{"line":134,"column":37}},"53":{"start":{"line":135,"column":4},"end":{"line":135,"column":20}},"54":{"start":{"line":139,"column":0},"end":{"line":145,"column":1}},"55":{"start":{"line":140,"column":2},"end":{"line":144,"column":4}},"56":{"start":{"line":141,"column":4},"end":{"line":141,"column":49}},"57":{"start":{"line":142,"column":4},"end":{"line":142,"column":43}},"58":{"start":{"line":143,"column":4},"end":{"line":143,"column":18}},"59":{"start":{"line":147,"column":0},"end":{"line":159,"column":1}},"60":{"start":{"line":148,"column":2},"end":{"line":158,"column":3}},"61":{"start":{"line":149,"column":4},"end":{"line":157,"column":8}},"62":{"start":{"line":161,"column":0},"end":{"line":164,"column":3}},"63":{"start":{"line":162,"column":26},"end":{"line":162,"column":60}},"64":{"start":{"line":163,"column":28},"end":{"line":163,"column":64}},"65":{"start":{"line":166,"column":0},"end":{"line":169,"column":3}},"66":{"start":{"line":167,"column":26},"end":{"line":167,"column":60}},"67":{"start":{"line":168,"column":28},"end":{"line":168,"column":64}},"68":{"start":{"line":171,"column":0},"end":{"line":174,"column":3}},"69":{"start":{"line":172,"column":26},"end":{"line":172,"column":64}},"70":{"start":{"line":173,"column":28},"end":{"line":173,"column":68}},"71":{"start":{"line":176,"column":0},"end":{"line":179,"column":3}},"72":{"start":{"line":177,"column":26},"end":{"line":177,"column":66}},"73":{"start":{"line":178,"column":28},"end":{"line":178,"column":69}},"74":{"start":{"line":181,"column":0},"end":{"line":184,"column":3}},"75":{"start":{"line":182,"column":26},"end":{"line":182,"column":65}},"76":{"start":{"line":183,"column":28},"end":{"line":183,"column":69}},"77":{"start":{"line":186,"column":0},"end":{"line":189,"column":3}},"78":{"start":{"line":187,"column":26},"end":{"line":187,"column":52}},"79":{"start":{"line":188,"column":28},"end":{"line":188,"column":54}},"80":{"start":{"line":191,"column":0},"end":{"line":194,"column":3}},"81":{"start":{"line":192,"column":33},"end":{"line":192,"column":63}},"82":{"start":{"line":193,"column":35},"end":{"line":193,"column":67}},"83":{"start":{"line":196,"column":0},"end":{"line":200,"column":3}},"84":{"start":{"line":197,"column":26},"end":{"line":197,"column":55}},"85":{"start":{"line":198,"column":28},"end":{"line":198,"column":57}},"86":{"start":{"line":202,"column":0},"end":{"line":205,"column":3}},"87":{"start":{"line":203,"column":26},"end":{"line":203,"column":55}},"88":{"start":{"line":204,"column":28},"end":{"line":204,"column":57}},"89":{"start":{"line":207,"column":0},"end":{"line":210,"column":3}},"90":{"start":{"line":208,"column":33},"end":{"line":208,"column":70}},"91":{"start":{"line":209,"column":35},"end":{"line":209,"column":74}},"92":{"start":{"line":212,"column":0},"end":{"line":215,"column":3}},"93":{"start":{"line":213,"column":33},"end":{"line":213,"column":65}},"94":{"start":{"line":214,"column":35},"end":{"line":214,"column":69}},"95":{"start":{"line":217,"column":0},"end":{"line":220,"column":3}},"96":{"start":{"line":218,"column":33},"end":{"line":218,"column":72}},"97":{"start":{"line":219,"column":35},"end":{"line":219,"column":76}},"98":{"start":{"line":222,"column":0},"end":{"line":226,"column":3}},"99":{"start":{"line":223,"column":26},"end":{"line":223,"column":51}},"100":{"start":{"line":224,"column":28},"end":{"line":224,"column":53}},"101":{"start":{"line":228,"column":0},"end":{"line":232,"column":3}},"102":{"start":{"line":229,"column":26},"end":{"line":229,"column":66}},"103":{"start":{"line":230,"column":28},"end":{"line":230,"column":76}},"104":{"start":{"line":234,"column":0},"end":{"line":238,"column":3}},"105":{"start":{"line":235,"column":26},"end":{"line":235,"column":81}},"106":{"start":{"line":236,"column":28},"end":{"line":236,"column":99}},"107":{"start":{"line":240,"column":0},"end":{"line":242,"column":1}},"108":{"start":{"line":241,"column":2},"end":{"line":241,"column":73}},"109":{"start":{"line":244,"column":0},"end":{"line":262,"column":1}},"110":{"start":{"line":245,"column":2},"end":{"line":249,"column":16}},"111":{"start":{"line":247,"column":6},"end":{"line":247,"column":37}},"112":{"start":{"line":251,"column":2},"end":{"line":253,"column":3}},"113":{"start":{"line":252,"column":4},"end":{"line":252,"column":40}},"114":{"start":{"line":255,"column":2},"end":{"line":259,"column":16}},"115":{"start":{"line":257,"column":6},"end":{"line":257,"column":35}},"116":{"start":{"line":261,"column":2},"end":{"line":261,"column":37}},"117":{"start":{"line":264,"column":0},"end":{"line":314,"column":3}},"118":{"start":{"line":266,"column":4},"end":{"line":266,"column":63}},"119":{"start":{"line":270,"column":4},"end":{"line":274,"column":18}},"120":{"start":{"line":278,"column":4},"end":{"line":278,"column":74}},"121":{"start":{"line":282,"column":4},"end":{"line":282,"column":67}},"122":{"start":{"line":283,"column":4},"end":{"line":283,"column":20}},"123":{"start":{"line":287,"column":4},"end":{"line":302,"column":17}},"124":{"start":{"line":289,"column":8},"end":{"line":292,"column":10}},"125":{"start":{"line":294,"column":8},"end":{"line":296,"column":11}},"126":{"start":{"line":295,"column":10},"end":{"line":295,"column":34}},"127":{"start":{"line":298,"column":8},"end":{"line":298,"column":61}},"128":{"start":{"line":300,"column":8},"end":{"line":300,"column":26}},"129":{"start":{"line":304,"column":4},"end":{"line":311,"column":8}},"130":{"start":{"line":307,"column":10},"end":{"line":307,"column":42}},"131":{"start":{"line":312,"column":4},"end":{"line":312,"column":20}}},"branchMap":{"1":{"line":16,"type":"if","locations":[{"start":{"line":16,"column":0},"end":{"line":16,"column":0}},{"start":{"line":16,"column":0},"end":{"line":16,"column":0}}]},"2":{"line":104,"type":"if","locations":[{"start":{"line":104,"column":2},"end":{"line":104,"column":2}},{"start":{"line":104,"column":2},"end":{"line":104,"column":2}}]},"3":{"line":105,"type":"if","locations":[{"start":{"line":105,"column":4},"end":{"line":105,"column":4}},{"start":{"line":105,"column":4},"end":{"line":105,"column":4}}]},"4":{"line":148,"type":"if","locations":[{"start":{"line":148,"column":2},"end":{"line":148,"column":2}},{"start":{"line":148,"column":2},"end":{"line":148,"column":2}}]},"5":{"line":148,"type":"binary-expr","locations":[{"start":{"line":148,"column":6},"end":{"line":148,"column":19}},{"start":{"line":148,"column":23},"end":{"line":148,"column":44}}]},"6":{"line":153,"type":"cond-expr","locations":[{"start":{"line":153,"column":34},"end":{"line":153,"column":46}},{"start":{"line":153,"column":49},"end":{"line":153,"column":82}}]},"7":{"line":154,"type":"cond-expr","locations":[{"start":{"line":154,"column":36},"end":{"line":154,"column":50}},{"start":{"line":154,"column":53},"end":{"line":154,"column":90}}]},"8":{"line":156,"type":"binary-expr","locations":[{"start":{"line":156,"column":16},"end":{"line":156,"column":32}},{"start":{"line":156,"column":36},"end":{"line":156,"column":54}}]},"9":{"line":251,"type":"if","locations":[{"start":{"line":251,"column":2},"end":{"line":251,"column":2}},{"start":{"line":251,"column":2},"end":{"line":251,"column":2}}]}},"code":["// Exposing Benchmark to the global object so that we can make adjustments","// (i.e., maxTime, below) that will affect race.js.","global.Benchmark = require('benchmark');","","var Lazy        = require('../lazy.js'),","    lodash      = require('lodash'),","    Race        = require('race.js'),","    stringTable = require('string-table');","","console.log('Racing Lazy.js ' + Lazy.VERSION + ' against Lodash ' + lodash.VERSION);","","Benchmark.options.maxTime = 0.5;","","var selectedRace = null;","","if (process.argv.length > 2) {","  selectedRace = process.argv[2];","  console.log('Just going to run \"' + selectedRace + '\" race');","","} else {","  console.log('Running all races...');","}","","function identity(x) {","  return x;","}","","function increment(x) {","  return x + 1;","}","","function isEven(x) {","  return x % 2 === 0;","}","","function lastLetter(str) {","  return str.charAt(str.length - 1);","}","","function randomNumber(min, max) {","  return min + Math.floor(Math.random() * (max - min));","}","","function randomNumbers(count, min, max) {","  var getRandomNumber = function() {","    return randomNumber(min, max);","  };","","  return Lazy.generate(getRandomNumber, count).toArray();","}","","function numbersInput() {","  return Race.inputs.arraysOfIntegers([5, 10, 100]);","}","","function randomNumbersInput() {","  return Race.inputs.arraysOfRandomIntegers([5, 10, 100]);","}","","function doubleNumbersInput() {","  return [","    {","      name: '2 5-element arrays',","      values: [Race.utils.integers(5), Race.utils.integers(5, 3)],","      size: 5","    },","    {","      name: '2 10-element arrays',","      values: [Race.utils.integers(10), Race.utils.integers(10, 5)],","      size: 10","    },","    {","      name: '2 100-element arrays',","      values: [Race.utils.integers(100), Race.utils.integers(100, 50)],","      size: 100","    }","  ];","}","","function nestedNumbersInput() {","  return [","    {","      name: 'small nested array',","      values: [","        [1, 2, [3, 4, [5, 6], 7, 8], 9, 10]","      ],","      size: 10","    },","    {","      name: 'medium nested array',","      values: [","        [1, 2, 3, [4, 5], [6, 7, [8, 9, 10, 11], 12], 13, 14, [15, 16], 17, [18, [19, [20]]]]","      ],","      size: 20","    }","  ];","}","","function wordsInput() {","  return Race.inputs.arraysOfStrings([5, 10, 100]);","}","","function evaluateSequence(value, other) {","  if (value instanceof Lazy.Sequence) {","    if (other instanceof Array) {","      return value.toArray();","    }","","    return value.toObject();","  }","","  return value;","}","","function orderAwareComparer(x, y) {","  x = evaluateSequence(x, y);","  y = evaluateSequence(y, x);","","  return Race.compare(x, y);","}","","function orderAgnosticComparer(x, y) {","  x = Lazy(x).sortBy(identity).toArray();","  y = Lazy(y).sortBy(identity).toArray();","","  return Race.compare(x, y);","}","","var marathon = new Race.Marathon();","","function ensureLazyIteration(impl) {","  return function() {","    var sequence = Race.fastApply(impl, arguments);","    sequence.each(function(x, i) {});","    return sequence;","  };","}","","function ensureLodashIteration(impl) {","  return function() {","    var result = Race.fastApply(impl, arguments);","    lodash.each(result, function(x, i) {});","    return result;","  };","}","","function addRace(name, inputs, options) {","  if (!selectedRace || name === selectedRace) {","    marathon.add(new Race({","      description: name,","      inputs: inputs,","      impls: {","        lazy: options.valueOnly ? options.lazy : ensureLazyIteration(options.lazy),","        lodash: options.valueOnly ? options.lodash : ensureLodashIteration(options.lodash)","      },","      comparer: options.comparer || orderAwareComparer","    }));","  }","}","","addRace('map', numbersInput(), {","  lazy: function(array) { return Lazy(array).map(increment); },","  lodash: function(array) { return lodash.map(array, increment); }","});","","addRace('filter', numbersInput(), {","  lazy: function(array) { return Lazy(array).filter(isEven); },","  lodash: function(array) { return lodash.filter(array, isEven); }","});","","addRace('sortBy', wordsInput(), {","  lazy: function(array) { return Lazy(array).sortBy(lastLetter); },","  lodash: function(array) { return lodash.sortBy(array, lastLetter); }","});","","addRace('groupBy', wordsInput(), {","  lazy: function(array) { return  Lazy(array).groupBy(lastLetter); },","  lodash: function(array) { return lodash.groupBy(array, lastLetter); }","});","","addRace('countBy', wordsInput(), {","  lazy: function(array) { return Lazy(array).countBy(lastLetter); },","  lodash: function(array) { return lodash.countBy(array, lastLetter); }","});","","addRace('uniq', randomNumbersInput(), {","  lazy: function(array) { return Lazy(array).uniq(); },","  lodash: function(array) { return lodash.uniq(array); }","});","","addRace('zip', doubleNumbersInput(), {","  lazy: function(array, other) { return Lazy(array).zip(other); },","  lodash: function(array, other) { return lodash.zip(array, other); }","});","","addRace('shuffle', randomNumbersInput(), {","  lazy: function(array) { return Lazy(array).shuffle(); },","  lodash: function(array) { return lodash.shuffle(array); },","  comparer: orderAgnosticComparer","});","","addRace('flatten', nestedNumbersInput(), {","  lazy: function(array) { return Lazy(array).flatten(); },","  lodash: function(array) { return lodash.flatten(array); }","});","","addRace('difference', doubleNumbersInput(), {","  lazy: function(array, other) { return Lazy(array).difference(other); },","  lodash: function(array, other) { return lodash.difference(array, other); }","});","","addRace('union', doubleNumbersInput(), {","  lazy: function(array, other) { return Lazy(array).union(other); },","  lodash: function(array, other) { return lodash.union(array, other); }","});","","addRace('intersection', doubleNumbersInput(), {","  lazy: function(array, other) { return Lazy(array).intersection(other); },","  lodash: function(array, other) { return lodash.intersection(array, other); }","});","","addRace('max', numbersInput(), {","  lazy: function(array) { return Lazy(array).max(); },","  lodash: function(array) { return lodash.max(array); },","  valueOnly: true","});","","addRace('map-max', numbersInput(), {","  lazy: function(array) { return Lazy(array).map(increment).max(); },","  lodash: function(array) { return lodash.max(lodash.map(array, increment)); },","  valueOnly: true","});","","addRace('map-filter-max', numbersInput(), {","  lazy: function(array) { return Lazy(array).map(increment).filter(isEven).max(); },","  lodash: function(array) { return lodash.max(lodash.filter(lodash.map(array, increment), isEven)); },","  valueOnly: true","});","","function formatWinner(winner) {","  return winner.impl + ' (by ' + (winner.margin * 100).toFixed(2) + '%)';","}","","function formatOverallWinner(resultGroups) {","  var winners = Lazy(resultGroups)","    .countBy(function(resultGroup) {","      return resultGroup.winner.impl;","    })","    .toObject();","","  if (Object.keys(winners).length === 1) {","    return Lazy(winners).keys().first();","  }","","  var breakdown = Lazy(winners)","    .map(function(count, winner) {","      return winner + ' - ' + count","    })","    .join(', ');","","  return 'mixed (' + breakdown + ')';","}","","marathon.start({","  start: function(race) {","    console.log('Starting \"' + race.description + '\" race...');","  },","","  result: function(result) {","    console.log(' * ' + [","      result.input.name,","      result.impl,","      result.perf.toFixed(3) + ' ops/sec'","    ].join('\\t'));","  },","","  mismatch: function(outputs) {","    console.log(' * mismatch for the \"' + outputs.input.name + '\" case!');","  },","","  complete: function(resultGroups) {","    console.log(' * WINNER: ' + formatOverallWinner(resultGroups));","    console.log('');","  },","","  marathonComplete: function(resultGroups) {","    var dataObjects = Lazy(resultGroups)","      .map(function(resultGroup) {","        var dataObject = {","          'race': resultGroup.race,","          'input size': resultGroup.input.size","        };","","        Lazy(resultGroup.results).each(function(perf, impl) {","          dataObject[impl] = perf;","        });","","        dataObject.winner = formatWinner(resultGroup.winner);","","        return dataObject;","      })","      .toArray();","","    console.log(stringTable.create(dataObjects, {","      typeFormatters: {","        'number': function(value) {","          return Number(value.toFixed(3));","        }","      },","      capitalizeHeaders: true","    }));","    console.log('');","  }","});",""],"l":{"3":2,"5":0,"10":0,"12":0,"14":0,"16":0,"17":0,"18":0,"21":0,"24":1,"25":0,"28":1,"29":0,"32":1,"33":0,"36":1,"37":0,"40":1,"41":0,"44":1,"45":0,"46":0,"49":0,"52":1,"53":0,"56":1,"57":0,"60":1,"61":0,"80":1,"81":0,"99":1,"100":0,"103":1,"104":0,"105":0,"106":0,"109":0,"112":0,"115":1,"116":0,"117":0,"119":0,"122":1,"123":0,"124":0,"126":0,"129":0,"131":1,"132":0,"133":0,"134":0,"135":0,"139":1,"140":0,"141":0,"142":0,"143":0,"147":1,"148":0,"149":0,"161":0,"162":0,"163":0,"166":0,"167":0,"168":0,"171":0,"172":0,"173":0,"176":0,"177":0,"178":0,"181":0,"182":0,"183":0,"186":0,"187":0,"188":0,"191":0,"192":0,"193":0,"196":0,"197":0,"198":0,"202":0,"203":0,"204":0,"207":0,"208":0,"209":0,"212":0,"213":0,"214":0,"217":0,"218":0,"219":0,"222":0,"223":0,"224":0,"228":0,"229":0,"230":0,"234":0,"235":0,"236":0,"240":1,"241":0,"244":1,"245":0,"247":0,"251":0,"252":0,"255":0,"257":0,"261":0,"264":0,"266":0,"270":0,"278":0,"282":0,"283":0,"287":0,"289":0,"294":0,"295":0,"298":0,"300":0,"304":0,"307":0,"312":0}}}